[2021/05/04 10:49:48.399] - Starting server with initial configuration: {"hardfork":"muirGlacier","hostname":"127.0.0.1","port":7545,"network_id":5777,"default_balance_ether":1000,"total_accounts":10,"unlocked_accounts":[],"locked":false,"vmErrorsOnRPCResponse":true,"verbose":false,"db_path":"C:\\Users\\Nick\\AppData\\Roaming\\Ganache\\workspaces\\wealthy-dad\\chaindata","logDirectory":"C:\\Users\\Nick\\OurzGit\\Ourz Main\\Ourz\\GANACHELOGS"}
[2021/05/04 10:49:48.751] - eth_getCode
[2021/05/04 10:49:48.752] - eth_subscribe
[2021/05/04 10:49:48.752] - eth_getLogs
[2021/05/04 10:49:48.753] - eth_subscribe
[2021/05/04 10:49:48.764] - eth_getCode
[2021/05/04 10:49:48.811] - eth_getCode
[2021/05/04 10:49:48.822] - eth_getCode
[2021/05/04 10:49:48.831] - eth_getCode
[2021/05/04 10:49:48.850] - eth_getCode
[2021/05/04 10:49:48.863] - eth_getCode
[2021/05/04 10:49:49.226] - eth_subscribe
[2021/05/04 10:49:49.227] - eth_getLogs
[2021/05/04 10:49:49.227] - eth_subscribe
[2021/05/04 10:49:49.968] - eth_blockNumber
[2021/05/04 10:49:49.968] - eth_accounts
[2021/05/04 10:49:49.969] - eth_gasPrice
[2021/05/04 10:49:49.969] - eth_blockNumber
[2021/05/04 10:49:49.969] - eth_getBlockByNumber
[2021/05/04 10:49:49.970] - eth_accounts
[2021/05/04 10:49:49.970] - eth_subscribe
[2021/05/04 10:49:49.971] - eth_gasPrice
[2021/05/04 10:49:49.971] - eth_getBlockByNumber
[2021/05/04 10:49:49.971] - eth_subscribe
[2021/05/04 10:49:50.107] - eth_accounts
[2021/05/04 10:49:50.454] - eth_getBalance
[2021/05/04 10:49:50.489] - eth_getTransactionCount
[2021/05/04 10:49:50.524] - eth_getBalance
[2021/05/04 10:49:50.559] - eth_getTransactionCount
[2021/05/04 10:49:50.595] - eth_getBalance
[2021/05/04 10:49:50.630] - eth_getTransactionCount
[2021/05/04 10:49:50.665] - eth_getBalance
[2021/05/04 10:49:50.700] - eth_getTransactionCount
[2021/05/04 10:49:50.736] - eth_getBalance
[2021/05/04 10:49:50.771] - eth_getTransactionCount
[2021/05/04 10:49:50.806] - eth_getBalance
[2021/05/04 10:49:50.841] - eth_getTransactionCount
[2021/05/04 10:49:50.875] - eth_getBalance
[2021/05/04 10:49:50.910] - eth_getTransactionCount
[2021/05/04 10:49:50.945] - eth_getBalance
[2021/05/04 10:49:50.981] - eth_getTransactionCount
[2021/05/04 10:49:51.016] - eth_getBalance
[2021/05/04 10:49:51.051] - eth_getTransactionCount
[2021/05/04 10:49:51.087] - eth_getBalance
[2021/05/04 10:49:51.121] - eth_getTransactionCount
[2021/05/04 10:49:51.227] - eth_getBalance
[2021/05/04 10:49:51.260] - eth_getTransactionCount
[2021/05/04 10:49:51.295] - eth_getBalance
[2021/05/04 10:49:51.329] - eth_getTransactionCount
[2021/05/04 10:49:51.364] - eth_getBalance
[2021/05/04 10:49:51.399] - eth_getTransactionCount
[2021/05/04 10:49:51.435] - eth_getBalance
[2021/05/04 10:49:51.474] - eth_getTransactionCount
[2021/05/04 10:49:51.508] - eth_getBalance
[2021/05/04 10:49:51.544] - eth_getTransactionCount
[2021/05/04 10:49:51.579] - eth_getBalance
[2021/05/04 10:49:51.614] - eth_getTransactionCount
[2021/05/04 10:49:51.649] - eth_getBalance
[2021/05/04 10:49:51.684] - eth_getTransactionCount
[2021/05/04 10:49:51.721] - eth_getBalance
[2021/05/04 10:49:51.756] - eth_getTransactionCount
[2021/05/04 10:49:51.791] - eth_getBalance
[2021/05/04 10:49:51.826] - eth_getTransactionCount
[2021/05/04 10:49:51.862] - eth_getBalance
[2021/05/04 10:49:51.897] - eth_getTransactionCount
[2021/05/04 10:49:51.932] - eth_getBalance
[2021/05/04 10:49:51.967] - eth_getTransactionCount
[2021/05/04 10:49:52.003] - eth_getBalance
[2021/05/04 10:49:52.038] - eth_getTransactionCount
[2021/05/04 10:49:52.073] - eth_getBalance
[2021/05/04 10:49:52.108] - eth_getTransactionCount
[2021/05/04 10:49:52.144] - eth_getBalance
[2021/05/04 10:49:52.179] - eth_getTransactionCount
[2021/05/04 10:49:52.214] - eth_getBalance
[2021/05/04 10:49:52.249] - eth_getTransactionCount
[2021/05/04 10:49:52.285] - eth_getBalance
[2021/05/04 10:49:52.321] - eth_getTransactionCount
[2021/05/04 10:49:52.355] - eth_getBalance
[2021/05/04 10:49:52.390] - eth_getTransactionCount
[2021/05/04 10:49:52.424] - eth_getBalance
[2021/05/04 10:49:52.461] - eth_getTransactionCount
[2021/05/04 10:49:52.496] - eth_getBalance
[2021/05/04 10:49:52.531] - eth_getTransactionCount
[2021/05/04 10:49:52.567] - eth_getBalance
[2021/05/04 10:49:52.602] - eth_getTransactionCount
[2021/05/04 10:49:52.806] - eth_getBlockByNumber
[2021/05/04 10:49:53.217] - eth_getBalance
[2021/05/04 10:49:53.252] - eth_getTransactionCount
[2021/05/04 10:49:53.286] - eth_getBalance
[2021/05/04 10:49:53.321] - eth_getTransactionCount
[2021/05/04 10:49:53.357] - eth_getBalance
[2021/05/04 10:49:53.392] - eth_getTransactionCount
[2021/05/04 10:49:53.426] - eth_getBalance
[2021/05/04 10:49:53.460] - eth_getTransactionCount
[2021/05/04 10:49:53.493] - eth_getBalance
[2021/05/04 10:49:53.527] - eth_getTransactionCount
[2021/05/04 10:49:53.562] - eth_getBalance
[2021/05/04 10:49:53.595] - eth_getTransactionCount
[2021/05/04 10:49:53.629] - eth_getBalance
[2021/05/04 10:49:53.666] - eth_getTransactionCount
[2021/05/04 10:49:53.702] - eth_getBalance
[2021/05/04 10:49:53.737] - eth_getTransactionCount
[2021/05/04 10:49:53.772] - eth_getBalance
[2021/05/04 10:49:53.805] - eth_getTransactionCount
[2021/05/04 10:49:53.840] - eth_getBalance
[2021/05/04 10:49:53.875] - eth_getTransactionCount
[2021/05/04 10:49:57.433] - eth_getBlockByNumber
[2021/05/04 10:50:08.831] - eth_blockNumber
[2021/05/04 10:50:08.845] - net_version
[2021/05/04 10:50:08.864] - eth_accounts
[2021/05/04 10:50:08.936] - eth_getBlockByNumber
[2021/05/04 10:50:08.957] - eth_getCode
[2021/05/04 10:50:09.025] - eth_getBlockByNumber
[2021/05/04 10:50:09.034] - eth_getCode
[2021/05/04 10:50:09.057] - eth_getBlockByNumber
[2021/05/04 10:50:09.062] - eth_accounts
[2021/05/04 10:50:09.117] - eth_getBlockByNumber
[2021/05/04 10:50:09.127] - eth_getBlockByNumber
[2021/05/04 10:50:09.135] - eth_getBlockByNumber
[2021/05/04 10:50:09.144] - eth_estimateGas
[2021/05/04 10:50:09.399] - eth_getBlockByNumber
[2021/05/04 10:50:09.400] - eth_blockNumber
[2021/05/04 10:50:09.415] - net_version
[2021/05/04 10:50:09.429] - eth_sendTransaction
[2021/05/04 10:50:09.530] - 
[2021/05/04 10:50:09.530] -   Transaction: 0xe049f07a7ceb6f8430f28045923d00c042113e69618364892774753d5eb1d604
[2021/05/04 10:50:09.530] -   Contract created: 0x4e0a058a624e0efd04a8a7df8c728fb6dcc48cfc
[2021/05/04 10:50:09.531] -   Gas usage: 192159
[2021/05/04 10:50:09.531] -   Block Number: 1
[2021/05/04 10:50:09.532] -   Block Time: Tue May 04 2021 10:50:09 GMT-0700 (Pacific Daylight Time)
[2021/05/04 10:50:09.532] - 
[2021/05/04 10:50:09.534] - eth_getTransactionReceipt
[2021/05/04 10:50:09.542] - eth_getCode
[2021/05/04 10:50:09.556] - eth_getTransactionByHash
[2021/05/04 10:50:09.573] - eth_getBlockByNumber
[2021/05/04 10:50:09.588] - eth_getBalance
[2021/05/04 10:50:09.606] - eth_getBlockByNumber
[2021/05/04 10:50:09.621] - eth_getBlockByNumber
[2021/05/04 10:50:09.638] - net_version
[2021/05/04 10:50:09.652] - eth_sendTransaction
[2021/05/04 10:50:09.817] - 
[2021/05/04 10:50:09.817] -   Transaction: 0xe61ffa6b6aff60fba1b7cd1fa4f02d404d419d0bdf9ff41e1c5e10d64400f232
[2021/05/04 10:50:09.818] -   Gas usage: 42338
[2021/05/04 10:50:09.818] -   Block Number: 2
[2021/05/04 10:50:09.818] -   Block Time: Tue May 04 2021 10:50:09 GMT-0700 (Pacific Daylight Time)
[2021/05/04 10:50:09.818] - 
[2021/05/04 10:50:09.819] - eth_getTransactionReceipt
[2021/05/04 10:50:09.829] - eth_getBlockByNumber
[2021/05/04 10:50:09.842] - eth_accounts
[2021/05/04 10:50:09.893] - eth_getBlockByNumber
[2021/05/04 10:50:09.906] - eth_getBlockByNumber
[2021/05/04 10:50:09.922] - eth_getBlockByNumber
[2021/05/04 10:50:09.937] - eth_estimateGas
[2021/05/04 10:50:10.134] - eth_getBlockByNumber
[2021/05/04 10:50:10.135] - eth_blockNumber
[2021/05/04 10:50:10.144] - net_version
[2021/05/04 10:50:10.164] - eth_sendTransaction
[2021/05/04 10:50:10.257] - 
[2021/05/04 10:50:10.258] -   Transaction: 0x9f790cef155193bdec6bc10ff44edd23df830fcc47374c262497350a0c2bbd48
[2021/05/04 10:50:10.258] -   Contract created: 0xe21376c1c1d3ca72d2e3d25f331266ebcbdad033
[2021/05/04 10:50:10.258] -   Gas usage: 1335393
[2021/05/04 10:50:10.259] -   Block Number: 3
[2021/05/04 10:50:10.259] -   Block Time: Tue May 04 2021 10:50:10 GMT-0700 (Pacific Daylight Time)
[2021/05/04 10:50:10.259] - 
[2021/05/04 10:50:10.261] - eth_getTransactionReceipt
[2021/05/04 10:50:10.270] - eth_getCode
[2021/05/04 10:50:10.285] - eth_getTransactionByHash
[2021/05/04 10:50:10.301] - eth_getBlockByNumber
[2021/05/04 10:50:10.317] - eth_getBalance
[2021/05/04 10:50:10.372] - eth_getBlockByNumber
[2021/05/04 10:50:10.381] - eth_getBlockByNumber
[2021/05/04 10:50:10.397] - net_version
[2021/05/04 10:50:10.413] - eth_sendTransaction
[2021/05/04 10:50:10.554] - eth_getBlockByNumber
[2021/05/04 10:50:10.578] - 
[2021/05/04 10:50:10.579] -   Transaction: 0x62316cef420fe0efe052c2974217ae8b89b27694df8d018c9bb55fb0beea6f70
[2021/05/04 10:50:10.579] -   Gas usage: 27338
[2021/05/04 10:50:10.579] -   Block Number: 4
[2021/05/04 10:50:10.579] -   Block Time: Tue May 04 2021 10:50:10 GMT-0700 (Pacific Daylight Time)
[2021/05/04 10:50:10.580] - 
[2021/05/04 10:50:10.582] - eth_getTransactionReceipt
[2021/05/04 10:50:10.583] - eth_getBlockByNumber
[2021/05/04 10:50:10.590] - eth_getBlockByNumber
[2021/05/04 10:50:10.602] - eth_accounts
[2021/05/04 10:50:10.753] - eth_getBlockByNumber
[2021/05/04 10:50:10.760] - eth_getBlockByNumber
[2021/05/04 10:50:10.777] - eth_getBlockByNumber
[2021/05/04 10:50:10.795] - eth_estimateGas
[2021/05/04 10:50:10.838] - eth_getBlockByNumber
[2021/05/04 10:50:11.114] - eth_getBlockByNumber
[2021/05/04 10:50:11.114] - eth_blockNumber
[2021/05/04 10:50:11.115] - eth_getBlockByNumber
[2021/05/04 10:50:11.117] - net_version
[2021/05/04 10:50:11.125] - eth_sendTransaction
[2021/05/04 10:50:11.282] - eth_getBlockByNumber
[2021/05/04 10:50:11.290] - 
[2021/05/04 10:50:11.290] -   Transaction: 0xd1654ab4ef2eb1c9e963ea5da1c2daa4de92e61b602cbad42e8831dc95cf3d73
[2021/05/04 10:50:11.291] -   Contract created: 0x962b15b8e86278f8985e0bbad10a5be68235f604
[2021/05/04 10:50:11.291] -   Gas usage: 1327583
[2021/05/04 10:50:11.291] -   Block Number: 5
[2021/05/04 10:50:11.292] -   Block Time: Tue May 04 2021 10:50:11 GMT-0700 (Pacific Daylight Time)
[2021/05/04 10:50:11.292] - 
[2021/05/04 10:50:11.294] - eth_getTransactionReceipt
[2021/05/04 10:50:11.294] - eth_getBlockByNumber
[2021/05/04 10:50:11.315] - eth_getCode
[2021/05/04 10:50:11.332] - eth_getTransactionByHash
[2021/05/04 10:50:11.345] - eth_getBlockByNumber
[2021/05/04 10:50:11.361] - eth_getBalance
[2021/05/04 10:50:11.378] - eth_getBlockByNumber
[2021/05/04 10:50:11.393] - eth_getBlockByNumber
[2021/05/04 10:50:11.409] - eth_getBlockByNumber
[2021/05/04 10:50:11.425] - eth_estimateGas
[2021/05/04 10:50:11.568] - eth_getBlockByNumber
[2021/05/04 10:50:11.600] - eth_getBlockByNumber
[2021/05/04 10:50:11.621] - eth_getBlockByNumber
[2021/05/04 10:50:11.622] - eth_blockNumber
[2021/05/04 10:50:11.622] - eth_getBlockByNumber
[2021/05/04 10:50:11.623] - eth_getBlockByNumber
[2021/05/04 10:50:11.624] - net_version
[2021/05/04 10:50:11.634] - eth_sendTransaction
[2021/05/04 10:50:11.811] - 
[2021/05/04 10:50:11.811] -   Transaction: 0x3de5eb3a5e6cc663364d79017cfa3f9e0e68947dd6c1d03509ecdea6aa552d3c
[2021/05/04 10:50:11.812] -   Contract created: 0x3a7feaf7578e7456e6cc142fad0eca49c337b0cd
[2021/05/04 10:50:11.812] -   Gas usage: 71933
[2021/05/04 10:50:11.812] -   Block Number: 6
[2021/05/04 10:50:11.813] -   Block Time: Tue May 04 2021 10:50:11 GMT-0700 (Pacific Daylight Time)
[2021/05/04 10:50:11.813] - 
[2021/05/04 10:50:11.814] - eth_getTransactionReceipt
[2021/05/04 10:50:11.823] - eth_getCode
[2021/05/04 10:50:11.839] - eth_getBlockByNumber
[2021/05/04 10:50:11.839] - eth_getTransactionByHash
[2021/05/04 10:50:11.841] - eth_getBlockByNumber
[2021/05/04 10:50:11.842] - eth_getBlockByNumber
[2021/05/04 10:50:11.855] - eth_getBalance
[2021/05/04 10:50:11.871] - eth_getBlockByNumber
[2021/05/04 10:50:11.881] - eth_getBlockByNumber
[2021/05/04 10:50:11.883] - eth_getBlockByNumber
[2021/05/04 10:50:11.886] - eth_getBlockByNumber
[2021/05/04 10:50:11.903] - eth_estimateGas
[2021/05/04 10:50:11.976] - eth_getBalance
[2021/05/04 10:50:12.008] - eth_getTransactionCount
[2021/05/04 10:50:12.043] - eth_getBalance
[2021/05/04 10:50:12.076] - eth_getTransactionCount
[2021/05/04 10:50:12.104] - eth_getBalance
[2021/05/04 10:50:12.133] - eth_getTransactionCount
[2021/05/04 10:50:12.165] - eth_getBalance
[2021/05/04 10:50:12.176] - eth_getBlockByNumber
[2021/05/04 10:50:12.177] - eth_blockNumber
[2021/05/04 10:50:12.199] - eth_getTransactionCount
[2021/05/04 10:50:12.231] - eth_getBalance
[2021/05/04 10:50:12.235] - net_version
[2021/05/04 10:50:12.259] - eth_getTransactionCount
[2021/05/04 10:50:12.260] - eth_sendTransaction
[2021/05/04 10:50:12.292] - eth_getBalance
[2021/05/04 10:50:12.297] - eth_getBlockByNumber
[2021/05/04 10:50:12.327] - eth_getTransactionCount
[2021/05/04 10:50:12.327] - eth_getBlockByNumber
[2021/05/04 10:50:12.359] - eth_getBalance
[2021/05/04 10:50:12.387] - eth_getTransactionCount
[2021/05/04 10:50:12.420] - eth_getBalance
[2021/05/04 10:50:12.430] - 
[2021/05/04 10:50:12.430] -   Transaction: 0x75380f29fc30fdcc4ce50d989daa3e0146400916f49828caabc22468af812e1b
[2021/05/04 10:50:12.431] -   Contract created: 0xafe06116e864e57263da67dbfa05ab4db147cba0
[2021/05/04 10:50:12.431] -   Gas usage: 2358483
[2021/05/04 10:50:12.431] -   Block Number: 7
[2021/05/04 10:50:12.431] -   Block Time: Tue May 04 2021 10:50:12 GMT-0700 (Pacific Daylight Time)
[2021/05/04 10:50:12.432] - 
[2021/05/04 10:50:12.433] - eth_getTransactionReceipt
[2021/05/04 10:50:12.440] - eth_getBlockByNumber
[2021/05/04 10:50:12.441] - eth_getBlockByNumber
[2021/05/04 10:50:12.450] - eth_getTransactionCount
[2021/05/04 10:50:12.472] - eth_getCode
[2021/05/04 10:50:12.482] - eth_getBalance
[2021/05/04 10:50:12.484] - eth_getTransactionByHash
[2021/05/04 10:50:12.504] - eth_getBlockByNumber
[2021/05/04 10:50:12.510] - eth_getTransactionCount
[2021/05/04 10:50:12.512] - eth_getBalance
[2021/05/04 10:50:12.519] - eth_getBlockByNumber
[2021/05/04 10:50:12.521] - eth_getBlockByNumber
[2021/05/04 10:50:12.535] - eth_getBlockByNumber
[2021/05/04 10:50:12.546] - eth_getBalance
[2021/05/04 10:50:12.548] - eth_getBlockByNumber
[2021/05/04 10:50:12.567] - eth_estimateGas
[2021/05/04 10:50:12.568] - eth_getBlockByNumber
[2021/05/04 10:50:12.574] - eth_getTransactionCount
[2021/05/04 10:50:12.608] - eth_getBalance
[2021/05/04 10:50:12.614] - eth_getBlockByNumber
[2021/05/04 10:50:12.637] - eth_getTransactionCount
[2021/05/04 10:50:12.669] - eth_getBalance
[2021/05/04 10:50:12.697] - eth_getTransactionCount
[2021/05/04 10:50:12.726] - eth_getBalance
[2021/05/04 10:50:12.728] - eth_getBlockByNumber
[2021/05/04 10:50:12.728] - eth_getBlockByNumber
[2021/05/04 10:50:12.729] - eth_blockNumber
[2021/05/04 10:50:12.747] - eth_getBlockByNumber
[2021/05/04 10:50:12.757] - eth_getTransactionCount
[2021/05/04 10:50:12.775] - net_version
[2021/05/04 10:50:12.785] - eth_getBalance
[2021/05/04 10:50:12.787] - eth_sendTransaction
[2021/05/04 10:50:12.819] - eth_getTransactionCount
[2021/05/04 10:50:12.836] - eth_getBlockByNumber
[2021/05/04 10:50:12.847] - eth_getBalance
[2021/05/04 10:50:12.852] - eth_getBlockByNumber
[2021/05/04 10:50:12.880] - eth_getTransactionCount
[2021/05/04 10:50:12.910] - eth_getBalance
[2021/05/04 10:50:12.945] - eth_getTransactionCount
[2021/05/04 10:50:12.970] - 
[2021/05/04 10:50:12.970] -   Transaction: 0xc19ba192fbb6766b278bc13efd19ab9e117a8bfbfec7d0511bfb9f3182c8d27c
[2021/05/04 10:50:12.970] -   Contract created: 0x4d96f66758a6bc13f44afcf083da7c2100ba3237
[2021/05/04 10:50:12.971] -   Gas usage: 71933
[2021/05/04 10:50:12.971] -   Block Number: 8
[2021/05/04 10:50:12.971] -   Block Time: Tue May 04 2021 10:50:12 GMT-0700 (Pacific Daylight Time)
[2021/05/04 10:50:12.971] - 
[2021/05/04 10:50:12.972] - eth_getTransactionReceipt
[2021/05/04 10:50:12.985] - eth_getBalance
[2021/05/04 10:50:12.986] - eth_getBlockByNumber
[2021/05/04 10:50:12.994] - eth_getBlockByNumber
[2021/05/04 10:50:13.019] - eth_getTransactionCount
[2021/05/04 10:50:13.021] - eth_getCode
[2021/05/04 10:50:13.049] - eth_getBalance
[2021/05/04 10:50:13.050] - eth_getTransactionByHash
[2021/05/04 10:50:13.059] - eth_getBlockByNumber
[2021/05/04 10:50:13.075] - eth_getBalance
[2021/05/04 10:50:13.079] - eth_getTransactionCount
[2021/05/04 10:50:13.107] - eth_getBalance
[2021/05/04 10:50:13.123] - eth_getBlockByNumber
[2021/05/04 10:50:13.139] - eth_getBlockByNumber
[2021/05/04 10:50:13.142] - eth_getTransactionCount
[2021/05/04 10:50:13.143] - net_version
[2021/05/04 10:50:13.154] - eth_sendTransaction
[2021/05/04 10:50:13.170] - eth_getBalance
[2021/05/04 10:50:13.202] - eth_getTransactionCount
[2021/05/04 10:50:13.311] - eth_getBlockByNumber
[2021/05/04 10:50:13.327] - eth_getBlockByNumber
[2021/05/04 10:50:13.350] - 
[2021/05/04 10:50:13.350] -   Transaction: 0xdae861ae31324f8fd188f89036846d76a884e2d7634a888b99487707a5d5b26e
[2021/05/04 10:50:13.350] -   Gas usage: 27338
[2021/05/04 10:50:13.350] -   Block Number: 9
[2021/05/04 10:50:13.351] -   Block Time: Tue May 04 2021 10:50:13 GMT-0700 (Pacific Daylight Time)
[2021/05/04 10:50:13.351] - 
[2021/05/04 10:50:13.352] - eth_getTransactionReceipt
[2021/05/04 10:50:13.392] - eth_getBlockByNumber
[2021/05/04 10:50:13.393] - eth_getBlockByNumber
[2021/05/04 10:50:13.419] - eth_getBlockByNumber
[2021/05/04 10:50:13.422] - eth_accounts
[2021/05/04 10:50:13.477] - eth_getBlockByNumber
[2021/05/04 10:50:13.478] - eth_getBlockByNumber
[2021/05/04 10:50:13.480] - eth_getBlockByNumber
[2021/05/04 10:50:13.481] - eth_getBlockByNumber
[2021/05/04 10:50:13.482] - eth_getBlockByNumber
[2021/05/04 10:50:13.484] - eth_estimateGas
[2021/05/04 10:50:13.580] - eth_getBlockByNumber
[2021/05/04 10:50:13.627] - eth_getBlockByNumber
[2021/05/04 10:50:13.681] - eth_getBlockByNumber
[2021/05/04 10:50:13.682] - eth_blockNumber
[2021/05/04 10:50:13.682] - eth_getBlockByNumber
[2021/05/04 10:50:13.683] - eth_getBlockByNumber
[2021/05/04 10:50:13.684] - net_version
[2021/05/04 10:50:13.707] - eth_sendTransaction
[2021/05/04 10:50:13.843] - 
[2021/05/04 10:50:13.843] -   Transaction: 0xdf54ef5274d1626f34d2e4b766b2fd7aafdc600e588161ce2ef3388f4c98291f
[2021/05/04 10:50:13.844] -   Contract created: 0x8e6382316e4206a6c3aa1ec9eb0f251d278d2b66
[2021/05/04 10:50:13.844] -   Gas usage: 3506977
[2021/05/04 10:50:13.844] -   Block Number: 10
[2021/05/04 10:50:13.845] -   Block Time: Tue May 04 2021 10:50:13 GMT-0700 (Pacific Daylight Time)
[2021/05/04 10:50:13.845] - 
[2021/05/04 10:50:13.847] - eth_getBlockByNumber
[2021/05/04 10:50:13.847] - eth_getTransactionReceipt
[2021/05/04 10:50:13.865] - eth_getBlockByNumber
[2021/05/04 10:50:13.866] - eth_getBlockByNumber
[2021/05/04 10:50:13.867] - eth_getCode
[2021/05/04 10:50:13.869] - eth_getBlockByNumber
[2021/05/04 10:50:13.871] - eth_getTransactionByHash
[2021/05/04 10:50:13.882] - eth_getBlockByNumber
[2021/05/04 10:50:13.897] - eth_getBalance
[2021/05/04 10:50:13.946] - eth_getBlockByNumber
[2021/05/04 10:50:13.962] - eth_getBlockByNumber
[2021/05/04 10:50:13.977] - net_version
[2021/05/04 10:50:13.992] - eth_sendTransaction
[2021/05/04 10:50:14.024] - eth_getBlockByNumber
[2021/05/04 10:50:14.190] - 
[2021/05/04 10:50:14.190] -   Transaction: 0x3c11113cbe34622ce5375dd0964608e3ed0a6e25b35d460b7df6a13a2c6e11e6
[2021/05/04 10:50:14.191] -   Gas usage: 27338
[2021/05/04 10:50:14.191] -   Block Number: 11
[2021/05/04 10:50:14.192] -   Block Time: Tue May 04 2021 10:50:14 GMT-0700 (Pacific Daylight Time)
[2021/05/04 10:50:14.192] - 
[2021/05/04 10:50:14.193] - eth_getTransactionReceipt
[2021/05/04 10:50:14.194] - eth_getBlockByNumber
[2021/05/04 10:50:14.215] - eth_getBlockByNumber
[2021/05/04 10:50:14.232] - eth_accounts
[2021/05/04 10:50:14.333] - eth_getBlockByNumber
[2021/05/04 10:50:14.334] - net_version
[2021/05/04 10:50:14.334] - eth_getBlockByNumber
[2021/05/04 10:50:14.334] - eth_getBlockByNumber
[2021/05/04 10:50:14.337] - eth_getBlockByNumber
[2021/05/04 10:50:14.338] - eth_getBlockByNumber
[2021/05/04 10:50:14.339] - eth_getBlockByNumber
[2021/05/04 10:50:14.340] - eth_getBlockByNumber
[2021/05/04 10:50:14.357] - net_version
[2021/05/04 10:50:14.358] - eth_getBlockByNumber
[2021/05/04 10:50:14.378] - net_version
[2021/05/04 10:50:14.379] - eth_blockNumber
[2021/05/04 10:50:14.387] - eth_getBlockByNumber
[2021/05/04 10:50:17.032] - eth_getBlockByNumber
[2021/05/04 10:50:17.094] - eth_getBalance
[2021/05/04 10:50:17.123] - eth_getTransactionCount
[2021/05/04 10:50:17.153] - eth_getBalance
[2021/05/04 10:50:17.183] - eth_getTransactionCount
[2021/05/04 10:50:17.212] - eth_getBalance
[2021/05/04 10:50:17.245] - eth_getTransactionCount
[2021/05/04 10:50:17.273] - eth_getBalance
[2021/05/04 10:50:17.304] - eth_getTransactionCount
[2021/05/04 10:50:17.332] - eth_getBalance
[2021/05/04 10:50:17.363] - eth_getTransactionCount
[2021/05/04 10:50:17.391] - eth_getBalance
[2021/05/04 10:50:17.423] - eth_getTransactionCount
[2021/05/04 10:50:17.453] - eth_getBalance
[2021/05/04 10:50:17.484] - eth_getTransactionCount
[2021/05/04 10:50:17.513] - eth_getBalance
[2021/05/04 10:50:17.544] - eth_getTransactionCount
[2021/05/04 10:50:17.572] - eth_getBalance
[2021/05/04 10:50:17.603] - eth_getTransactionCount
[2021/05/04 10:50:17.631] - eth_getBalance
[2021/05/04 10:50:17.661] - eth_getTransactionCount
[2021/05/04 10:50:28.053] - eth_getBlockByNumber
[2021/05/04 10:50:28.292] - eth_getBalance
[2021/05/04 10:50:28.327] - eth_getTransactionCount
[2021/05/04 10:50:28.360] - eth_getBalance
[2021/05/04 10:50:28.399] - eth_getTransactionCount
[2021/05/04 10:50:28.433] - eth_getBalance
[2021/05/04 10:50:28.465] - eth_getTransactionCount
[2021/05/04 10:50:28.558] - eth_getBalance
[2021/05/04 10:50:28.598] - eth_getTransactionCount
[2021/05/04 10:50:28.644] - eth_getBalance
[2021/05/04 10:50:28.679] - eth_getTransactionCount
[2021/05/04 10:50:28.713] - eth_getBalance
[2021/05/04 10:50:28.744] - eth_getTransactionCount
[2021/05/04 10:50:28.781] - eth_getBalance
[2021/05/04 10:50:28.815] - eth_getTransactionCount
[2021/05/04 10:50:28.847] - eth_getBalance
[2021/05/04 10:50:28.880] - eth_getTransactionCount
[2021/05/04 10:50:28.915] - eth_getBalance
[2021/05/04 10:50:28.949] - eth_getTransactionCount
[2021/05/04 10:50:28.983] - eth_getBalance
[2021/05/04 10:50:29.018] - eth_getTransactionCount
[2021/05/04 10:50:29.051] - eth_getBalance
[2021/05/04 10:50:29.085] - eth_getTransactionCount
[2021/05/04 10:50:29.116] - eth_getBalance
[2021/05/04 10:50:29.149] - eth_getTransactionCount
[2021/05/04 10:50:29.182] - eth_getBalance
[2021/05/04 10:50:29.213] - eth_getTransactionCount
[2021/05/04 10:50:29.247] - eth_getBalance
[2021/05/04 10:50:29.281] - eth_getTransactionCount
[2021/05/04 10:50:29.314] - eth_getBalance
[2021/05/04 10:50:29.346] - eth_getTransactionCount
[2021/05/04 10:50:29.380] - eth_getBalance
[2021/05/04 10:50:29.416] - eth_getTransactionCount
[2021/05/04 10:50:29.450] - eth_getBalance
[2021/05/04 10:50:29.483] - eth_getTransactionCount
[2021/05/04 10:50:29.516] - eth_getBalance
[2021/05/04 10:50:29.549] - eth_getTransactionCount
[2021/05/04 10:50:29.583] - eth_getBalance
[2021/05/04 10:50:29.614] - eth_getTransactionCount
[2021/05/04 10:50:29.650] - eth_getBalance
[2021/05/04 10:50:29.685] - eth_getTransactionCount
[2021/05/04 10:50:29.714] - eth_getBalance
[2021/05/04 10:50:29.747] - eth_getTransactionCount
[2021/05/04 10:50:29.782] - eth_getBalance
[2021/05/04 10:50:29.816] - eth_getTransactionCount
[2021/05/04 10:50:29.847] - eth_getBalance
[2021/05/04 10:50:29.881] - eth_getTransactionCount
[2021/05/04 10:50:29.915] - eth_getBalance
[2021/05/04 10:50:29.948] - eth_getTransactionCount
[2021/05/04 10:50:29.979] - eth_getBalance
[2021/05/04 10:50:30.013] - eth_getTransactionCount
[2021/05/04 10:50:30.047] - eth_getBalance
[2021/05/04 10:50:30.083] - eth_getTransactionCount
[2021/05/04 10:50:30.117] - eth_getBalance
[2021/05/04 10:50:30.150] - eth_getTransactionCount
[2021/05/04 10:50:30.184] - eth_getBalance
[2021/05/04 10:50:30.215] - eth_getTransactionCount
[2021/05/04 10:50:30.250] - eth_getBalance
[2021/05/04 10:50:30.285] - eth_getTransactionCount
[2021/05/04 10:50:30.319] - eth_getBalance
[2021/05/04 10:50:30.356] - eth_getTransactionCount
[2021/05/04 10:50:30.393] - eth_getBalance
[2021/05/04 10:50:30.428] - eth_getTransactionCount
[2021/05/04 10:50:30.461] - eth_getBalance
[2021/05/04 10:50:30.495] - eth_getTransactionCount
[2021/05/04 10:50:30.530] - eth_getBalance
[2021/05/04 10:50:30.566] - eth_getTransactionCount
[2021/05/04 10:50:30.597] - eth_getBalance
[2021/05/04 10:50:30.631] - eth_getTransactionCount
[2021/05/04 10:50:30.664] - eth_getBalance
[2021/05/04 10:50:30.698] - eth_getTransactionCount
[2021/05/04 10:50:30.729] - eth_getBalance
[2021/05/04 10:50:30.765] - eth_getTransactionCount
[2021/05/04 10:50:30.800] - eth_getBalance
[2021/05/04 10:50:30.830] - eth_getTransactionCount
[2021/05/04 10:50:30.871] - eth_getBalance
[2021/05/04 10:50:30.908] - eth_getTransactionCount
[2021/05/04 10:50:30.943] - eth_getBalance
[2021/05/04 10:50:30.978] - eth_getTransactionCount
[2021/05/04 10:50:31.014] - eth_getBalance
[2021/05/04 10:50:31.051] - eth_getTransactionCount
[2021/05/04 10:50:31.093] - eth_getBalance
[2021/05/04 10:50:31.126] - eth_getTransactionCount
[2021/05/04 10:50:31.161] - eth_getBalance
[2021/05/04 10:50:31.196] - eth_getTransactionCount
[2021/05/04 10:50:31.227] - eth_getBalance
[2021/05/04 10:50:31.263] - eth_getTransactionCount
[2021/05/04 10:50:31.301] - eth_getBalance
[2021/05/04 10:50:31.336] - eth_getTransactionCount
[2021/05/04 10:50:31.368] - eth_getBalance
[2021/05/04 10:50:31.403] - eth_getTransactionCount
[2021/05/04 10:50:31.439] - eth_getBalance
[2021/05/04 10:50:31.474] - eth_getTransactionCount
[2021/05/04 10:50:31.564] - eth_getBalance
[2021/05/04 10:50:31.604] - eth_getTransactionCount
[2021/05/04 10:50:31.636] - eth_getBalance
[2021/05/04 10:50:31.641] - eth_getBlockByNumber
[2021/05/04 10:50:31.672] - eth_getTransactionCount
[2021/05/04 10:50:31.705] - eth_getBalance
[2021/05/04 10:50:31.735] - eth_getTransactionCount
[2021/05/04 10:50:31.768] - eth_getBalance
[2021/05/04 10:50:31.802] - eth_getTransactionCount
[2021/05/04 10:50:31.835] - eth_getBalance
[2021/05/04 10:50:31.868] - eth_getTransactionCount
[2021/05/04 10:50:31.904] - eth_getBalance
[2021/05/04 10:50:31.940] - eth_getTransactionCount
[2021/05/04 10:50:31.974] - eth_getBalance
[2021/05/04 10:50:32.005] - eth_getTransactionCount
[2021/05/04 10:50:32.039] - eth_getBalance
[2021/05/04 10:50:32.072] - eth_getTransactionCount
[2021/05/04 10:50:32.103] - eth_getBalance
[2021/05/04 10:50:32.122] - eth_getBlockByNumber
[2021/05/04 10:50:32.123] - eth_getBlockByNumber
[2021/05/04 10:50:32.138] - eth_getTransactionCount
[2021/05/04 10:50:32.171] - eth_getBalance
[2021/05/04 10:50:32.207] - eth_getTransactionCount
[2021/05/04 10:50:32.239] - eth_getBalance
[2021/05/04 10:50:32.273] - eth_getTransactionCount
[2021/05/04 10:50:32.311] - eth_getBalance
[2021/05/04 10:50:32.345] - eth_getTransactionCount
[2021/05/04 10:50:32.375] - eth_getBalance
[2021/05/04 10:50:32.409] - eth_getTransactionCount
[2021/05/04 10:50:32.441] - eth_getBalance
[2021/05/04 10:50:32.474] - eth_getTransactionCount
[2021/05/04 10:50:42.062] - eth_getBlockByNumber
[2021/05/04 10:50:52.339] - eth_getBlockByNumber
[2021/05/04 10:50:52.340] - eth_getBlockByNumber
[2021/05/04 10:50:52.535] - eth_getBlockByNumber
[2021/05/04 10:50:52.884] - eth_getBlockByNumber
[2021/05/04 10:50:52.951] - eth_getTransactionReceipt
[2021/05/04 10:50:52.986] - eth_getBalance
[2021/05/04 10:50:53.020] - eth_getTransactionCount
[2021/05/04 10:50:53.051] - eth_getBalance
[2021/05/04 10:50:53.084] - eth_getTransactionCount
[2021/05/04 10:50:53.119] - eth_getBalance
[2021/05/04 10:50:53.153] - eth_getTransactionCount
[2021/05/04 10:50:53.185] - eth_getBalance
[2021/05/04 10:50:53.221] - eth_getTransactionCount
[2021/05/04 10:50:53.256] - eth_getBalance
[2021/05/04 10:50:53.291] - eth_getTransactionCount
[2021/05/04 10:50:53.331] - eth_getBalance
[2021/05/04 10:50:53.365] - eth_getTransactionCount
[2021/05/04 10:50:53.400] - eth_getBalance
[2021/05/04 10:50:53.434] - eth_getTransactionCount
[2021/05/04 10:50:53.469] - eth_getBalance
[2021/05/04 10:50:53.571] - eth_getTransactionCount
[2021/05/04 10:50:53.606] - eth_getBalance
[2021/05/04 10:50:53.639] - eth_getTransactionCount
[2021/05/04 10:50:53.673] - eth_getBalance
[2021/05/04 10:50:53.704] - eth_getTransactionCount
[2021/05/04 10:50:53.772] - eth_getBalance
[2021/05/04 10:50:53.803] - eth_getTransactionCount
[2021/05/04 10:50:53.840] - eth_getBalance
[2021/05/04 10:50:53.875] - eth_getTransactionCount
[2021/05/04 10:50:53.910] - eth_getBalance
[2021/05/04 10:50:53.940] - eth_getTransactionCount
[2021/05/04 10:50:53.974] - eth_getBalance
[2021/05/04 10:50:54.007] - eth_getTransactionCount
[2021/05/04 10:50:54.051] - eth_getBalance
[2021/05/04 10:50:54.083] - eth_getTransactionCount
[2021/05/04 10:50:54.118] - eth_getBalance
[2021/05/04 10:50:54.151] - eth_getTransactionCount
[2021/05/04 10:50:54.188] - eth_getBalance
[2021/05/04 10:50:54.225] - eth_getTransactionCount
[2021/05/04 10:50:54.262] - eth_getBalance
[2021/05/04 10:50:54.297] - eth_getTransactionCount
[2021/05/04 10:50:54.329] - eth_getBalance
[2021/05/04 10:50:54.366] - eth_getTransactionCount
[2021/05/04 10:50:54.412] - eth_getBalance
[2021/05/04 10:50:54.448] - eth_getTransactionCount
[2021/05/04 10:50:59.802] - eth_getBlockByNumber
[2021/05/04 10:50:59.803] - eth_getBlockByNumber
[2021/05/04 10:50:59.863] - eth_getBlockByNumber
[2021/05/04 10:50:59.864] - eth_getBlockByNumber
[2021/05/04 10:52:43.563] - eth_blockNumber
[2021/05/04 10:52:43.576] - net_version
[2021/05/04 10:52:43.587] - eth_accounts
[2021/05/04 10:52:43.647] - eth_getBlockByNumber
[2021/05/04 10:52:43.654] - eth_getCode
[2021/05/04 10:52:43.746] - eth_getBlockByNumber
[2021/05/04 10:52:43.764] - eth_call
[2021/05/04 10:52:43.910] - eth_getBlockByNumber
[2021/05/04 10:52:43.919] - eth_getCode
[2021/05/04 10:52:43.947] - eth_getBlockByNumber
[2021/05/04 10:52:43.966] - eth_call
[2021/05/04 10:52:44.003] - eth_getBlockByNumber
[2021/05/04 10:52:44.019] - eth_accounts
[2021/05/04 10:54:07.553] - eth_blockNumber
[2021/05/04 10:54:07.573] - net_version
[2021/05/04 10:54:07.586] - eth_accounts
[2021/05/04 10:54:07.655] - eth_getBlockByNumber
[2021/05/04 10:54:07.668] - eth_getCode
[2021/05/04 10:54:07.784] - eth_getBlockByNumber
[2021/05/04 10:54:07.796] - eth_call
[2021/05/04 10:54:07.913] - eth_getBlockByNumber
[2021/05/04 10:54:07.922] - eth_getCode
[2021/05/04 10:54:07.950] - eth_getBlockByNumber
[2021/05/04 10:54:07.969] - eth_call
[2021/05/04 10:54:08.069] - eth_getBlockByNumber
[2021/05/04 10:54:08.082] - eth_accounts
[2021/05/04 10:54:24.962] - eth_blockNumber
[2021/05/04 10:54:24.972] - net_version
[2021/05/04 10:54:24.983] - eth_accounts
[2021/05/04 10:54:25.047] - eth_getBlockByNumber
[2021/05/04 10:54:25.067] - eth_getCode
[2021/05/04 10:54:25.197] - eth_getBlockByNumber
[2021/05/04 10:54:25.212] - eth_call
[2021/05/04 10:54:25.327] - eth_getBlockByNumber
[2021/05/04 10:54:25.332] - eth_getCode
[2021/05/04 10:54:25.362] - eth_getBlockByNumber
[2021/05/04 10:54:25.380] - eth_call
[2021/05/04 10:54:25.454] - eth_getBlockByNumber
[2021/05/04 10:54:25.476] - eth_accounts
[2021/05/04 10:54:25.579] - eth_getBlockByNumber
[2021/05/04 10:54:25.580] - net_version
[2021/05/04 10:54:25.587] - eth_getBlockByNumber
[2021/05/04 10:54:25.602] - eth_getBlockByNumber
[2021/05/04 10:54:25.618] - net_version
[2021/05/04 10:54:25.633] - eth_getBlockByNumber
[2021/05/04 10:54:25.660] - net_version
[2021/05/04 10:54:25.661] - eth_blockNumber
[2021/05/04 10:54:25.665] - eth_getBlockByNumber
[2021/05/04 10:56:36.512] - eth_blockNumber
[2021/05/04 10:56:36.530] - net_version
[2021/05/04 10:56:36.540] - eth_accounts
[2021/05/04 10:56:36.609] - eth_getBlockByNumber
[2021/05/04 10:56:36.622] - eth_getCode
[2021/05/04 10:56:36.744] - eth_getBlockByNumber
[2021/05/04 10:56:36.764] - eth_call
[2021/05/04 10:56:36.876] - eth_getBlockByNumber
[2021/05/04 10:56:36.891] - eth_getCode
[2021/05/04 10:56:36.921] - eth_getBlockByNumber
[2021/05/04 10:56:36.938] - eth_call
[2021/05/04 10:56:37.010] - eth_getBlockByNumber
[2021/05/04 10:56:37.019] - eth_accounts
[2021/05/04 10:57:08.463] - eth_blockNumber
[2021/05/04 10:57:08.476] - net_version
[2021/05/04 10:57:08.490] - eth_accounts
[2021/05/04 10:57:08.557] - eth_getBlockByNumber
[2021/05/04 10:57:08.562] - eth_getCode
[2021/05/04 10:57:08.665] - eth_getBlockByNumber
[2021/05/04 10:57:08.688] - eth_call
[2021/05/04 10:57:08.758] - eth_getBlockByNumber
[2021/05/04 10:57:08.762] - eth_getCode
[2021/05/04 10:57:08.795] - eth_getBlockByNumber
[2021/05/04 10:57:08.810] - eth_call
[2021/05/04 10:57:08.895] - eth_getBlockByNumber
[2021/05/04 10:57:08.906] - eth_accounts
[2021/05/04 10:57:09.006] - net_version
[2021/05/04 10:57:09.006] - net_version
[2021/05/04 10:57:09.008] - eth_getBlockByNumber
[2021/05/04 10:57:09.008] - eth_getBlockByNumber
[2021/05/04 10:58:58.104] - eth_blockNumber
[2021/05/04 10:58:58.113] - net_version
[2021/05/04 10:58:58.126] - eth_accounts
[2021/05/04 10:58:58.196] - eth_getBlockByNumber
[2021/05/04 10:58:58.210] - eth_getCode
[2021/05/04 10:58:58.382] - eth_getBlockByNumber
[2021/05/04 10:58:58.400] - eth_call
[2021/05/04 10:58:58.532] - eth_getBlockByNumber
[2021/05/04 10:58:58.540] - eth_getCode
[2021/05/04 10:58:58.568] - eth_getBlockByNumber
[2021/05/04 10:58:58.588] - eth_call
[2021/05/04 10:58:58.647] - eth_getBlockByNumber
[2021/05/04 10:58:58.667] - eth_accounts
[2021/05/04 10:58:58.765] - net_version
[2021/05/04 10:58:58.776] - eth_getBlockByNumber
[2021/05/04 10:58:58.794] - eth_getBlockByNumber
[2021/05/04 10:58:58.810] - net_version
[2021/05/04 10:58:58.824] - eth_getBlockByNumber
[2021/05/04 10:58:58.845] - eth_estimateGas
[2021/05/04 10:58:59.126] - net_version
[2021/05/04 10:58:59.127] - eth_blockNumber
[2021/05/04 10:58:59.140] - eth_getBlockByNumber
[2021/05/04 10:58:59.159] - net_version
[2021/05/04 10:58:59.172] - eth_sendTransaction
[2021/05/04 10:58:59.367] - 
[2021/05/04 10:58:59.367] -   Transaction: 0x4a500b9e517db4cb03ff2d02d9d23603e8de991f09cb2d7f62123cfbd2bb4f09
[2021/05/04 10:58:59.367] -   Contract created: 0xba3f1251df6d1ae2a0f7b9ab956def58fd15b7f2
[2021/05/04 10:58:59.368] -   Gas usage: 6721975
[2021/05/04 10:58:59.368] -   Block Number: 12
[2021/05/04 10:58:59.368] -   Block Time: Tue May 04 2021 10:58:59 GMT-0700 (Pacific Daylight Time)
[2021/05/04 10:58:59.368] -   Runtime Error: out of gas
[2021/05/04 10:58:59.369] - 
[2021/05/04 10:58:59.374] - eth_call
[2021/05/04 11:05:47.474] - eth_chainId
[2021/05/04 11:05:54.184] - eth_chainId
[2021/05/04 11:05:54.211] - eth_blockNumber
[2021/05/04 11:05:54.214] - net_version
[2021/05/04 11:05:54.224] - eth_getBalance
[2021/05/04 11:05:54.225] - eth_getBalance
[2021/05/04 11:05:54.229] - eth_getBalance
[2021/05/04 11:05:54.230] - eth_getBalance
[2021/05/04 11:05:54.230] - eth_getBalance
[2021/05/04 11:05:54.231] - eth_getBalance
[2021/05/04 11:05:54.232] - eth_getBalance
[2021/05/04 11:05:54.234] - eth_getBalance
[2021/05/04 11:05:54.235] - eth_getBlockByNumber
[2021/05/04 11:06:14.225] - eth_blockNumber
[2021/05/04 11:06:34.255] - eth_blockNumber
[2021/05/04 11:06:44.239] - eth_getBalance
[2021/05/04 11:06:54.276] - eth_blockNumber
[2021/05/04 11:07:14.307] - eth_blockNumber
[2021/05/04 11:07:34.338] - eth_blockNumber
[2021/05/04 11:07:54.369] - eth_blockNumber
[2021/05/04 11:08:14.394] - eth_blockNumber
[2021/05/04 11:08:34.421] - eth_blockNumber
[2021/05/04 11:08:54.443] - eth_blockNumber
[2021/05/04 11:09:14.473] - eth_blockNumber
[2021/05/04 11:09:34.505] - eth_blockNumber
[2021/05/04 11:09:54.528] - eth_blockNumber
[2021/05/04 11:10:14.547] - eth_blockNumber
[2021/05/04 11:10:34.565] - eth_blockNumber
[2021/05/04 11:10:54.591] - eth_blockNumber
[2021/05/04 11:11:14.618] - eth_blockNumber
[2021/05/04 11:11:34.638] - eth_blockNumber
[2021/05/04 11:11:54.658] - eth_blockNumber
[2021/05/04 11:12:14.680] - eth_blockNumber
[2021/05/04 11:12:34.699] - eth_blockNumber
[2021/05/04 11:12:54.711] - eth_blockNumber
[2021/05/04 11:13:14.740] - eth_blockNumber
[2021/05/04 11:13:34.772] - eth_blockNumber
[2021/05/04 11:13:54.799] - eth_blockNumber
[2021/05/04 11:14:14.810] - eth_blockNumber
[2021/05/04 11:14:34.837] - eth_blockNumber
[2021/05/04 11:14:54.866] - eth_blockNumber
[2021/05/04 11:15:14.889] - eth_blockNumber
[2021/05/04 11:15:34.907] - eth_blockNumber
