[2021/05/04 10:07:06.277] - Starting server with initial configuration: {"gasLimit":6721975,"gasPrice":20000000000,"hardfork":"muirGlacier","hostname":"127.0.0.1","port":7545,"network_id":5777,"default_balance_ether":100,"total_accounts":10,"unlocked_accounts":[],"locked":false,"vmErrorsOnRPCResponse":true,"verbose":false,"db_path":"C:\\Users\\Nick\\AppData\\Roaming\\Ganache\\workspaces\\fabulous-wrench\\chaindata","logDirectory":"C:\\Users\\Nick\\OurzGit\\Ourz Main\\Ourz\\GANACHELOGS"}
[2021/05/04 10:07:06.453] - eth_getCode
[2021/05/04 10:07:06.454] - eth_subscribe
[2021/05/04 10:07:06.454] - eth_getLogs
[2021/05/04 10:07:06.455] - eth_subscribe
[2021/05/04 10:07:06.466] - eth_getCode
[2021/05/04 10:07:06.501] - eth_getCode
[2021/05/04 10:07:06.530] - eth_getCode
[2021/05/04 10:07:06.536] - eth_getCode
[2021/05/04 10:07:06.554] - eth_getCode
[2021/05/04 10:07:06.567] - eth_getCode
[2021/05/04 10:07:06.738] - eth_getCode
[2021/05/04 10:07:06.738] - eth_subscribe
[2021/05/04 10:07:06.739] - eth_getLogs
[2021/05/04 10:07:06.740] - eth_subscribe
[2021/05/04 10:07:06.744] - eth_getCode
[2021/05/04 10:07:06.792] - eth_getCode
[2021/05/04 10:07:06.806] - eth_getCode
[2021/05/04 10:07:06.819] - eth_getCode
[2021/05/04 10:07:07.382] - eth_blockNumber
[2021/05/04 10:07:07.382] - eth_accounts
[2021/05/04 10:07:07.383] - eth_blockNumber
[2021/05/04 10:07:07.383] - eth_gasPrice
[2021/05/04 10:07:07.383] - eth_accounts
[2021/05/04 10:07:07.384] - eth_getBlockByNumber
[2021/05/04 10:07:07.384] - eth_gasPrice
[2021/05/04 10:07:07.384] - eth_subscribe
[2021/05/04 10:07:07.385] - eth_getBlockByNumber
[2021/05/04 10:07:07.385] - eth_subscribe
[2021/05/04 10:07:07.462] - eth_accounts
[2021/05/04 10:07:07.660] - eth_getBalance
[2021/05/04 10:07:07.680] - eth_getTransactionCount
[2021/05/04 10:07:07.699] - eth_getBalance
[2021/05/04 10:07:07.718] - eth_getTransactionCount
[2021/05/04 10:07:07.738] - eth_getBalance
[2021/05/04 10:07:07.758] - eth_getTransactionCount
[2021/05/04 10:07:07.779] - eth_getBalance
[2021/05/04 10:07:07.799] - eth_getTransactionCount
[2021/05/04 10:07:07.819] - eth_getBalance
[2021/05/04 10:07:07.838] - eth_getTransactionCount
[2021/05/04 10:07:07.857] - eth_getBalance
[2021/05/04 10:07:07.876] - eth_getTransactionCount
[2021/05/04 10:07:07.896] - eth_getBalance
[2021/05/04 10:07:07.917] - eth_getTransactionCount
[2021/05/04 10:07:07.936] - eth_getBalance
[2021/05/04 10:07:07.955] - eth_getTransactionCount
[2021/05/04 10:07:08.029] - eth_getBalance
[2021/05/04 10:07:08.051] - eth_getTransactionCount
[2021/05/04 10:07:08.071] - eth_getBalance
[2021/05/04 10:07:08.091] - eth_getTransactionCount
[2021/05/04 10:07:08.155] - eth_getBalance
[2021/05/04 10:07:08.176] - eth_getTransactionCount
[2021/05/04 10:07:08.195] - eth_getBalance
[2021/05/04 10:07:08.214] - eth_getTransactionCount
[2021/05/04 10:07:08.233] - eth_getBalance
[2021/05/04 10:07:08.252] - eth_getTransactionCount
[2021/05/04 10:07:08.272] - eth_getBalance
[2021/05/04 10:07:08.293] - eth_getTransactionCount
[2021/05/04 10:07:08.312] - eth_getBalance
[2021/05/04 10:07:08.331] - eth_getTransactionCount
[2021/05/04 10:07:08.350] - eth_getBalance
[2021/05/04 10:07:08.369] - eth_getTransactionCount
[2021/05/04 10:07:08.388] - eth_getBalance
[2021/05/04 10:07:08.409] - eth_getTransactionCount
[2021/05/04 10:07:08.428] - eth_getBalance
[2021/05/04 10:07:08.446] - eth_getTransactionCount
[2021/05/04 10:07:08.465] - eth_getBalance
[2021/05/04 10:07:08.484] - eth_getTransactionCount
[2021/05/04 10:07:08.503] - eth_getBalance
[2021/05/04 10:07:08.524] - eth_getTransactionCount
[2021/05/04 10:07:08.544] - eth_getBalance
[2021/05/04 10:07:08.563] - eth_getTransactionCount
[2021/05/04 10:07:08.584] - eth_getBalance
[2021/05/04 10:07:08.603] - eth_getTransactionCount
[2021/05/04 10:07:08.623] - eth_getBalance
[2021/05/04 10:07:08.643] - eth_getTransactionCount
[2021/05/04 10:07:08.664] - eth_getBalance
[2021/05/04 10:07:08.685] - eth_getTransactionCount
[2021/05/04 10:07:08.705] - eth_getBalance
[2021/05/04 10:07:08.724] - eth_getTransactionCount
[2021/05/04 10:07:08.744] - eth_getBalance
[2021/05/04 10:07:08.764] - eth_getTransactionCount
[2021/05/04 10:07:08.785] - eth_getBalance
[2021/05/04 10:07:08.805] - eth_getTransactionCount
[2021/05/04 10:07:08.824] - eth_getBalance
[2021/05/04 10:07:08.843] - eth_getTransactionCount
[2021/05/04 10:07:08.863] - eth_getBalance
[2021/05/04 10:07:08.882] - eth_getTransactionCount
[2021/05/04 10:07:08.903] - eth_getBalance
[2021/05/04 10:07:08.922] - eth_getTransactionCount
[2021/05/04 10:07:09.205] - eth_getBalance
[2021/05/04 10:07:09.225] - eth_getTransactionCount
[2021/05/04 10:07:09.244] - eth_getBalance
[2021/05/04 10:07:09.264] - eth_getTransactionCount
[2021/05/04 10:07:09.283] - eth_getBalance
[2021/05/04 10:07:09.304] - eth_getTransactionCount
[2021/05/04 10:07:09.324] - eth_getBalance
[2021/05/04 10:07:09.344] - eth_getTransactionCount
[2021/05/04 10:07:09.363] - eth_getBalance
[2021/05/04 10:07:09.382] - eth_getTransactionCount
[2021/05/04 10:07:09.402] - eth_getBalance
[2021/05/04 10:07:09.425] - eth_getTransactionCount
[2021/05/04 10:07:09.446] - eth_getBalance
[2021/05/04 10:07:09.467] - eth_getTransactionCount
[2021/05/04 10:07:09.487] - eth_getBalance
[2021/05/04 10:07:09.506] - eth_getTransactionCount
[2021/05/04 10:07:09.527] - eth_getBalance
[2021/05/04 10:07:09.549] - eth_getTransactionCount
[2021/05/04 10:07:09.569] - eth_getBalance
[2021/05/04 10:07:09.589] - eth_getTransactionCount
[2021/05/04 10:07:22.908] - eth_getBlockByNumber
[2021/05/04 10:07:23.008] - eth_getTransactionReceipt
[2021/05/04 10:07:23.093] - eth_getBlockByNumber
[2021/05/04 10:07:23.170] - eth_getTransactionReceipt
[2021/05/04 10:07:23.264] - eth_getBlockByNumber
[2021/05/04 10:07:23.324] - eth_getTransactionReceipt
[2021/05/04 10:07:23.406] - eth_getBlockByNumber
[2021/05/04 10:07:23.468] - eth_getTransactionReceipt
[2021/05/04 10:07:23.550] - eth_getBlockByNumber
[2021/05/04 10:07:23.624] - eth_getTransactionReceipt
[2021/05/04 10:07:23.707] - eth_getBlockByNumber
[2021/05/04 10:07:23.768] - eth_getTransactionReceipt
[2021/05/04 10:07:23.854] - eth_getBlockByNumber
[2021/05/04 10:07:23.929] - eth_getTransactionReceipt
[2021/05/04 10:07:24.036] - eth_getBlockByNumber
[2021/05/04 10:07:24.143] - eth_getTransactionReceipt
[2021/05/04 10:07:24.234] - eth_getBlockByNumber
[2021/05/04 10:07:24.307] - eth_getTransactionReceipt
[2021/05/04 10:07:24.393] - eth_getBlockByNumber
[2021/05/04 10:07:24.463] - eth_getTransactionReceipt
[2021/05/04 10:07:24.552] - eth_getBlockByNumber
[2021/05/04 10:07:24.624] - eth_getTransactionReceipt
[2021/05/04 10:07:28.679] - eth_getBalance
[2021/05/04 10:07:28.873] - net_version
[2021/05/04 10:10:36.588] - eth_blockNumber
[2021/05/04 10:10:36.602] - net_version
[2021/05/04 10:10:36.616] - eth_accounts
[2021/05/04 10:10:36.669] - eth_getBlockByNumber
[2021/05/04 10:10:36.684] - eth_getCode
[2021/05/04 10:10:36.790] - eth_getBlockByNumber
[2021/05/04 10:10:36.810] - eth_call
[2021/05/04 10:10:36.922] - eth_getBlockByNumber
[2021/05/04 10:10:36.934] - eth_getCode
[2021/05/04 10:10:36.965] - eth_getBlockByNumber
[2021/05/04 10:10:36.981] - eth_call
[2021/05/04 10:10:37.079] - eth_getBlockByNumber
[2021/05/04 10:10:37.092] - eth_accounts
[2021/05/04 10:11:37.631] - eth_blockNumber
[2021/05/04 10:11:37.650] - net_version
[2021/05/04 10:11:37.659] - eth_accounts
[2021/05/04 10:11:37.709] - eth_getBlockByNumber
[2021/05/04 10:11:37.725] - eth_getCode
[2021/05/04 10:11:37.825] - eth_getBlockByNumber
[2021/05/04 10:11:37.830] - eth_call
[2021/05/04 10:11:37.943] - eth_getBlockByNumber
[2021/05/04 10:11:37.962] - eth_getCode
[2021/05/04 10:11:37.995] - eth_getBlockByNumber
[2021/05/04 10:11:38.010] - eth_call
[2021/05/04 10:11:38.079] - eth_getBlockByNumber
[2021/05/04 10:11:38.090] - eth_accounts
[2021/05/04 10:12:03.198] - eth_blockNumber
[2021/05/04 10:12:03.210] - net_version
[2021/05/04 10:12:03.223] - eth_accounts
[2021/05/04 10:12:03.281] - eth_getBlockByNumber
[2021/05/04 10:12:03.290] - eth_getCode
[2021/05/04 10:12:03.412] - eth_getBlockByNumber
[2021/05/04 10:12:03.432] - eth_call
[2021/05/04 10:12:03.555] - eth_getBlockByNumber
[2021/05/04 10:12:03.574] - eth_getCode
[2021/05/04 10:12:03.611] - eth_getBlockByNumber
[2021/05/04 10:12:03.619] - eth_call
[2021/05/04 10:12:03.705] - eth_getBlockByNumber
[2021/05/04 10:12:03.718] - eth_accounts
[2021/05/04 10:12:03.794] - eth_getBlockByNumber
[2021/05/04 10:12:03.794] - net_version
[2021/05/04 10:12:03.814] - eth_getBlockByNumber
[2021/05/04 10:12:03.830] - eth_getBlockByNumber
[2021/05/04 10:12:03.846] - net_version
[2021/05/04 10:12:03.860] - eth_getBlockByNumber
[2021/05/04 10:12:03.884] - net_version
[2021/05/04 10:12:03.885] - eth_blockNumber
[2021/05/04 10:12:03.887] - eth_getBlockByNumber
[2021/05/04 10:12:40.285] - eth_blockNumber
[2021/05/04 10:12:40.301] - net_version
[2021/05/04 10:12:40.314] - eth_accounts
[2021/05/04 10:12:40.364] - eth_getBlockByNumber
[2021/05/04 10:12:40.384] - eth_getCode
[2021/05/04 10:12:40.504] - eth_getBlockByNumber
[2021/05/04 10:12:40.525] - eth_call
[2021/05/04 10:12:40.654] - eth_getBlockByNumber
[2021/05/04 10:12:40.666] - eth_getCode
[2021/05/04 10:12:40.695] - eth_getBlockByNumber
[2021/05/04 10:12:40.714] - eth_call
[2021/05/04 10:12:40.767] - eth_getBlockByNumber
[2021/05/04 10:12:40.774] - eth_accounts
[2021/05/04 10:14:30.437] - eth_blockNumber
[2021/05/04 10:14:30.452] - net_version
[2021/05/04 10:14:30.465] - eth_accounts
[2021/05/04 10:14:30.517] - eth_getBlockByNumber
[2021/05/04 10:14:30.532] - eth_getCode
[2021/05/04 10:14:30.642] - eth_getBlockByNumber
[2021/05/04 10:14:30.659] - eth_call
[2021/05/04 10:14:30.760] - eth_getBlockByNumber
[2021/05/04 10:14:30.765] - eth_getCode
[2021/05/04 10:14:30.795] - eth_getBlockByNumber
[2021/05/04 10:14:30.813] - eth_call
[2021/05/04 10:14:30.869] - eth_getBlockByNumber
[2021/05/04 10:14:30.878] - eth_accounts
