[2021/05/04 10:00:39.204] - Starting server with initial configuration: {"gasLimit":6721975,"gasPrice":20000000000,"hardfork":"muirGlacier","hostname":"127.0.0.1","port":7545,"network_id":5777,"default_balance_ether":100,"total_accounts":10,"unlocked_accounts":[],"locked":false,"vmErrorsOnRPCResponse":true,"verbose":false,"db_path":"C:\\Users\\Nick\\AppData\\Roaming\\Ganache\\workspaces\\fabulous-wrench\\chaindata","logDirectory":"C:\\Users\\Nick\\OurzGit\\Ourz Main\\Ourz\\GANACHELOGS"}
[2021/05/04 10:00:39.388] - eth_getCode
[2021/05/04 10:00:39.389] - eth_subscribe
[2021/05/04 10:00:39.389] - eth_getLogs
[2021/05/04 10:00:39.390] - eth_subscribe
[2021/05/04 10:00:39.399] - eth_getCode
[2021/05/04 10:00:39.432] - eth_getCode
[2021/05/04 10:00:39.450] - eth_getCode
[2021/05/04 10:00:39.453] - eth_getCode
[2021/05/04 10:00:39.483] - eth_getCode
[2021/05/04 10:00:39.501] - eth_getCode
[2021/05/04 10:00:39.624] - eth_getCode
[2021/05/04 10:00:39.625] - eth_subscribe
[2021/05/04 10:00:39.625] - eth_getLogs
[2021/05/04 10:00:39.626] - eth_subscribe
[2021/05/04 10:00:39.631] - eth_getCode
[2021/05/04 10:00:39.678] - eth_getCode
[2021/05/04 10:00:39.696] - eth_getCode
[2021/05/04 10:00:39.705] - eth_getCode
[2021/05/04 10:00:40.330] - eth_blockNumber
[2021/05/04 10:00:40.330] - eth_accounts
[2021/05/04 10:00:40.331] - eth_blockNumber
[2021/05/04 10:00:40.331] - eth_gasPrice
[2021/05/04 10:00:40.331] - eth_accounts
[2021/05/04 10:00:40.332] - eth_getBlockByNumber
[2021/05/04 10:00:40.332] - eth_gasPrice
[2021/05/04 10:00:40.332] - eth_subscribe
[2021/05/04 10:00:40.333] - eth_getBlockByNumber
[2021/05/04 10:00:40.333] - eth_subscribe
[2021/05/04 10:00:40.409] - eth_accounts
[2021/05/04 10:00:40.612] - eth_getBalance
[2021/05/04 10:00:40.632] - eth_getTransactionCount
[2021/05/04 10:00:40.653] - eth_getBalance
[2021/05/04 10:00:40.673] - eth_getTransactionCount
[2021/05/04 10:00:40.693] - eth_getBalance
[2021/05/04 10:00:40.714] - eth_getTransactionCount
[2021/05/04 10:00:40.734] - eth_getBalance
[2021/05/04 10:00:40.754] - eth_getTransactionCount
[2021/05/04 10:00:40.774] - eth_getBalance
[2021/05/04 10:00:40.793] - eth_getTransactionCount
[2021/05/04 10:00:40.813] - eth_getBalance
[2021/05/04 10:00:40.835] - eth_getTransactionCount
[2021/05/04 10:00:40.856] - eth_getBalance
[2021/05/04 10:00:40.875] - eth_getTransactionCount
[2021/05/04 10:00:40.894] - eth_getBalance
[2021/05/04 10:00:40.914] - eth_getTransactionCount
[2021/05/04 10:00:40.934] - eth_getBalance
[2021/05/04 10:00:40.955] - eth_getTransactionCount
[2021/05/04 10:00:40.978] - eth_getBalance
[2021/05/04 10:00:40.999] - eth_getTransactionCount
[2021/05/04 10:00:41.059] - eth_getBalance
[2021/05/04 10:00:41.078] - eth_getTransactionCount
[2021/05/04 10:00:41.100] - eth_getBalance
[2021/05/04 10:00:41.120] - eth_getTransactionCount
[2021/05/04 10:00:41.139] - eth_getBalance
[2021/05/04 10:00:41.170] - eth_getTransactionCount
[2021/05/04 10:00:41.232] - eth_getBalance
[2021/05/04 10:00:41.253] - eth_getTransactionCount
[2021/05/04 10:00:41.273] - eth_getBalance
[2021/05/04 10:00:41.292] - eth_getTransactionCount
[2021/05/04 10:00:41.311] - eth_getBalance
[2021/05/04 10:00:41.331] - eth_getTransactionCount
[2021/05/04 10:00:41.353] - eth_getBalance
[2021/05/04 10:00:41.373] - eth_getTransactionCount
[2021/05/04 10:00:41.392] - eth_getBalance
[2021/05/04 10:00:41.412] - eth_getTransactionCount
[2021/05/04 10:00:41.432] - eth_getBalance
[2021/05/04 10:00:41.451] - eth_getTransactionCount
[2021/05/04 10:00:41.474] - eth_getBalance
[2021/05/04 10:00:41.495] - eth_getTransactionCount
[2021/05/04 10:00:41.514] - eth_getBalance
[2021/05/04 10:00:41.534] - eth_getTransactionCount
[2021/05/04 10:00:41.553] - eth_getBalance
[2021/05/04 10:00:41.572] - eth_getTransactionCount
[2021/05/04 10:00:41.593] - eth_getBalance
[2021/05/04 10:00:41.612] - eth_getTransactionCount
[2021/05/04 10:00:41.632] - eth_getBalance
[2021/05/04 10:00:41.651] - eth_getTransactionCount
[2021/05/04 10:00:41.670] - eth_getBalance
[2021/05/04 10:00:41.690] - eth_getTransactionCount
[2021/05/04 10:00:41.710] - eth_getBalance
[2021/05/04 10:00:41.733] - eth_getTransactionCount
[2021/05/04 10:00:41.752] - eth_getBalance
[2021/05/04 10:00:41.772] - eth_getTransactionCount
[2021/05/04 10:00:41.792] - eth_getBalance
[2021/05/04 10:00:41.813] - eth_getTransactionCount
[2021/05/04 10:00:41.833] - eth_getBalance
[2021/05/04 10:00:41.856] - eth_getTransactionCount
[2021/05/04 10:00:41.877] - eth_getBalance
[2021/05/04 10:00:41.897] - eth_getTransactionCount
[2021/05/04 10:00:42.265] - eth_getBalance
[2021/05/04 10:00:42.286] - eth_getTransactionCount
[2021/05/04 10:00:42.304] - eth_getBalance
[2021/05/04 10:00:42.322] - eth_getTransactionCount
[2021/05/04 10:00:42.342] - eth_getBalance
[2021/05/04 10:00:42.361] - eth_getTransactionCount
[2021/05/04 10:00:42.380] - eth_getBalance
[2021/05/04 10:00:42.401] - eth_getTransactionCount
[2021/05/04 10:00:42.420] - eth_getBalance
[2021/05/04 10:00:42.440] - eth_getTransactionCount
[2021/05/04 10:00:42.460] - eth_getBalance
[2021/05/04 10:00:42.480] - eth_getTransactionCount
[2021/05/04 10:00:42.499] - eth_getBalance
[2021/05/04 10:00:42.519] - eth_getTransactionCount
[2021/05/04 10:00:42.541] - eth_getBalance
[2021/05/04 10:00:42.560] - eth_getTransactionCount
[2021/05/04 10:00:42.579] - eth_getBalance
[2021/05/04 10:00:42.598] - eth_getTransactionCount
[2021/05/04 10:00:42.617] - eth_getBalance
[2021/05/04 10:00:42.636] - eth_getTransactionCount
[2021/05/04 10:00:49.729] - eth_unsubscribe
[2021/05/04 10:00:49.729] - eth_unsubscribe
