[2021/05/04 09:59:29.123] - Starting server with initial configuration: {"gasLimit":6721975,"gasPrice":20000000000,"hardfork":"muirGlacier","hostname":"127.0.0.1","port":7545,"network_id":5777,"default_balance_ether":100,"total_accounts":10,"unlocked_accounts":[],"locked":false,"vmErrorsOnRPCResponse":true,"verbose":false,"db_path":"C:\\Users\\Nick\\AppData\\Roaming\\Ganache\\workspaces\\fabulous-wrench\\chaindata","logDirectory":"C:\\Users\\Nick\\OurzGit\\Ourz Main\\Ourz\\GANACHELOGS"}
[2021/05/04 09:59:29.308] - eth_getCode
[2021/05/04 09:59:29.309] - eth_subscribe
[2021/05/04 09:59:29.309] - eth_getLogs
[2021/05/04 09:59:29.311] - eth_subscribe
[2021/05/04 09:59:29.328] - eth_getCode
[2021/05/04 09:59:29.384] - eth_getCode
[2021/05/04 09:59:29.399] - eth_getCode
[2021/05/04 09:59:29.406] - eth_getCode
[2021/05/04 09:59:29.426] - eth_getCode
[2021/05/04 09:59:29.439] - eth_getCode
[2021/05/04 09:59:29.562] - eth_getCode
[2021/05/04 09:59:29.563] - eth_subscribe
[2021/05/04 09:59:29.563] - eth_getLogs
[2021/05/04 09:59:29.565] - eth_subscribe
[2021/05/04 09:59:29.568] - eth_getCode
[2021/05/04 09:59:29.617] - eth_getCode
[2021/05/04 09:59:29.632] - eth_getCode
[2021/05/04 09:59:29.658] - eth_getCode
[2021/05/04 09:59:30.230] - eth_blockNumber
[2021/05/04 09:59:30.231] - eth_accounts
[2021/05/04 09:59:30.231] - eth_blockNumber
[2021/05/04 09:59:30.232] - eth_gasPrice
[2021/05/04 09:59:30.232] - eth_accounts
[2021/05/04 09:59:30.232] - eth_getBlockByNumber
[2021/05/04 09:59:30.233] - eth_gasPrice
[2021/05/04 09:59:30.233] - eth_subscribe
[2021/05/04 09:59:30.233] - eth_getBlockByNumber
[2021/05/04 09:59:30.234] - eth_subscribe
[2021/05/04 09:59:30.313] - eth_accounts
[2021/05/04 09:59:30.512] - eth_getBalance
[2021/05/04 09:59:30.533] - eth_getTransactionCount
[2021/05/04 09:59:30.552] - eth_getBalance
[2021/05/04 09:59:30.571] - eth_getTransactionCount
[2021/05/04 09:59:30.640] - eth_getBalance
[2021/05/04 09:59:30.661] - eth_getTransactionCount
[2021/05/04 09:59:30.681] - eth_getBalance
[2021/05/04 09:59:30.700] - eth_getTransactionCount
[2021/05/04 09:59:30.720] - eth_getBalance
[2021/05/04 09:59:30.740] - eth_getTransactionCount
[2021/05/04 09:59:30.762] - eth_getBalance
[2021/05/04 09:59:30.781] - eth_getTransactionCount
[2021/05/04 09:59:30.801] - eth_getBalance
[2021/05/04 09:59:30.821] - eth_getTransactionCount
[2021/05/04 09:59:30.842] - eth_getBalance
[2021/05/04 09:59:30.862] - eth_getTransactionCount
[2021/05/04 09:59:30.884] - eth_getBalance
[2021/05/04 09:59:30.903] - eth_getTransactionCount
[2021/05/04 09:59:30.924] - eth_getBalance
[2021/05/04 09:59:30.944] - eth_getTransactionCount
[2021/05/04 09:59:31.003] - eth_getBalance
[2021/05/04 09:59:31.024] - eth_getTransactionCount
[2021/05/04 09:59:31.044] - eth_getBalance
[2021/05/04 09:59:31.063] - eth_getTransactionCount
[2021/05/04 09:59:31.082] - eth_getBalance
[2021/05/04 09:59:31.101] - eth_getTransactionCount
[2021/05/04 09:59:31.120] - eth_getBalance
[2021/05/04 09:59:31.141] - eth_getTransactionCount
[2021/05/04 09:59:31.160] - eth_getBalance
[2021/05/04 09:59:31.178] - eth_getTransactionCount
[2021/05/04 09:59:31.197] - eth_getBalance
[2021/05/04 09:59:31.216] - eth_getTransactionCount
[2021/05/04 09:59:31.236] - eth_getBalance
[2021/05/04 09:59:31.257] - eth_getTransactionCount
[2021/05/04 09:59:31.277] - eth_getBalance
[2021/05/04 09:59:31.296] - eth_getTransactionCount
[2021/05/04 09:59:31.315] - eth_getBalance
[2021/05/04 09:59:31.335] - eth_getTransactionCount
[2021/05/04 09:59:31.354] - eth_getBalance
[2021/05/04 09:59:31.375] - eth_getTransactionCount
[2021/05/04 09:59:31.398] - eth_getBalance
[2021/05/04 09:59:31.417] - eth_getTransactionCount
[2021/05/04 09:59:31.437] - eth_getBalance
[2021/05/04 09:59:31.457] - eth_getTransactionCount
[2021/05/04 09:59:31.476] - eth_getBalance
[2021/05/04 09:59:31.496] - eth_getTransactionCount
[2021/05/04 09:59:31.522] - eth_getBalance
[2021/05/04 09:59:31.587] - eth_getTransactionCount
[2021/05/04 09:59:31.606] - eth_getBalance
[2021/05/04 09:59:31.628] - eth_getTransactionCount
[2021/05/04 09:59:31.648] - eth_getBalance
[2021/05/04 09:59:31.667] - eth_getTransactionCount
[2021/05/04 09:59:31.685] - eth_getBalance
[2021/05/04 09:59:31.704] - eth_getTransactionCount
[2021/05/04 09:59:31.724] - eth_getBalance
[2021/05/04 09:59:31.746] - eth_getTransactionCount
[2021/05/04 09:59:31.765] - eth_getBalance
[2021/05/04 09:59:31.788] - eth_getTransactionCount
[2021/05/04 09:59:31.807] - eth_getBalance
[2021/05/04 09:59:31.826] - eth_getTransactionCount
[2021/05/04 09:59:32.133] - eth_getBalance
[2021/05/04 09:59:32.153] - eth_getTransactionCount
[2021/05/04 09:59:32.171] - eth_getBalance
[2021/05/04 09:59:32.191] - eth_getTransactionCount
[2021/05/04 09:59:32.210] - eth_getBalance
[2021/05/04 09:59:32.229] - eth_getTransactionCount
[2021/05/04 09:59:32.249] - eth_getBalance
[2021/05/04 09:59:32.269] - eth_getTransactionCount
[2021/05/04 09:59:32.288] - eth_getBalance
[2021/05/04 09:59:32.315] - eth_getTransactionCount
[2021/05/04 09:59:32.374] - eth_getBalance
[2021/05/04 09:59:32.394] - eth_getTransactionCount
[2021/05/04 09:59:32.413] - eth_getBalance
[2021/05/04 09:59:32.437] - eth_getTransactionCount
[2021/05/04 09:59:32.453] - eth_getBalance
[2021/05/04 09:59:32.473] - eth_getTransactionCount
[2021/05/04 09:59:32.494] - eth_getBalance
[2021/05/04 09:59:32.513] - eth_getTransactionCount
[2021/05/04 09:59:32.532] - eth_getBalance
[2021/05/04 09:59:32.550] - eth_getTransactionCount
[2021/05/04 09:59:52.197] - eth_blockNumber
[2021/05/04 09:59:52.213] - net_version
[2021/05/04 09:59:52.215] - eth_accounts
[2021/05/04 09:59:52.241] - eth_getBlockByNumber
[2021/05/04 09:59:52.260] - eth_accounts
[2021/05/04 09:59:52.307] - eth_getBlockByNumber
[2021/05/04 09:59:52.322] - eth_getBlockByNumber
[2021/05/04 09:59:52.338] - eth_getBlockByNumber
[2021/05/04 09:59:52.357] - eth_estimateGas
[2021/05/04 09:59:52.664] - eth_getBlockByNumber
[2021/05/04 09:59:52.664] - eth_blockNumber
[2021/05/04 09:59:52.674] - net_version
[2021/05/04 09:59:52.688] - eth_sendTransaction
[2021/05/04 09:59:52.815] - 
[2021/05/04 09:59:52.815] -   Transaction: 0xe6f673a1d19db666c58a19949800913749324514f1b7cc35bd0fde97ab19fd62
[2021/05/04 09:59:52.816] -   Contract created: 0x24d8904c2ac88111f069af055ab3d1b28b89a78b
[2021/05/04 09:59:52.816] -   Gas usage: 186963
[2021/05/04 09:59:52.817] -   Block Number: 13
[2021/05/04 09:59:52.817] -   Block Time: Tue May 04 2021 09:59:52 GMT-0700 (Pacific Daylight Time)
[2021/05/04 09:59:52.817] - 
[2021/05/04 09:59:52.818] - eth_getBlockByNumber
[2021/05/04 09:59:52.819] - eth_getTransactionReceipt
[2021/05/04 09:59:52.832] - eth_getCode
[2021/05/04 09:59:52.837] - eth_getTransactionByHash
[2021/05/04 09:59:52.846] - eth_getBlockByNumber
[2021/05/04 09:59:52.861] - eth_getBalance
[2021/05/04 09:59:52.867] - eth_getBalance
[2021/05/04 09:59:52.871] - eth_getBlockByNumber
[2021/05/04 09:59:52.877] - eth_getBlockByNumber
[2021/05/04 09:59:52.894] - net_version
[2021/05/04 09:59:52.896] - eth_getTransactionCount
[2021/05/04 09:59:52.897] - eth_sendTransaction
[2021/05/04 09:59:52.921] - eth_getBalance
[2021/05/04 09:59:52.956] - eth_getTransactionCount
[2021/05/04 09:59:53.020] - 
[2021/05/04 09:59:53.020] -   Transaction: 0x1744c98b1249b3a65c5b97fe683f1983dd3b455f0cf5ea53a6833c634ae2d9c1
[2021/05/04 09:59:53.020] -   Gas usage: 42335
[2021/05/04 09:59:53.021] -   Block Number: 14
[2021/05/04 09:59:53.021] -   Block Time: Tue May 04 2021 09:59:52 GMT-0700 (Pacific Daylight Time)
[2021/05/04 09:59:53.022] - 
[2021/05/04 09:59:53.022] - eth_getBlockByNumber
[2021/05/04 09:59:53.023] - eth_getTransactionReceipt
[2021/05/04 09:59:53.031] - eth_getBalance
[2021/05/04 09:59:53.058] - eth_getTransactionCount
[2021/05/04 09:59:53.063] - eth_getBlockByNumber
[2021/05/04 09:59:53.081] - eth_accounts
[2021/05/04 09:59:53.082] - eth_getBalance
[2021/05/04 09:59:53.104] - eth_getTransactionCount
[2021/05/04 09:59:53.133] - eth_getBlockByNumber
[2021/05/04 09:59:53.135] - eth_getBalance
[2021/05/04 09:59:53.136] - eth_getBlockByNumber
[2021/05/04 09:59:53.144] - eth_getBlockByNumber
[2021/05/04 09:59:53.159] - eth_getTransactionCount
[2021/05/04 09:59:53.161] - eth_estimateGas
[2021/05/04 09:59:53.182] - eth_getBalance
[2021/05/04 09:59:53.212] - eth_getTransactionCount
[2021/05/04 09:59:53.242] - eth_getBalance
[2021/05/04 09:59:53.273] - eth_getTransactionCount
[2021/05/04 09:59:53.298] - eth_getBalance
[2021/05/04 09:59:53.330] - eth_getTransactionCount
[2021/05/04 09:59:53.353] - eth_getBalance
[2021/05/04 09:59:53.384] - eth_getBlockByNumber
[2021/05/04 09:59:53.386] - eth_blockNumber
[2021/05/04 09:59:53.389] - eth_getTransactionCount
[2021/05/04 09:59:53.418] - eth_getBalance
[2021/05/04 09:59:53.430] - net_version
[2021/05/04 09:59:53.440] - eth_getTransactionCount
[2021/05/04 09:59:53.447] - eth_sendTransaction
[2021/05/04 09:59:53.567] - 
[2021/05/04 09:59:53.567] -   Transaction: 0xcbb9028737254672d76bd073dd51bff4415435326b906274af9958a82b057082
[2021/05/04 09:59:53.568] -   Contract created: 0xda7f4f57f904b62f1e641a29fb77cfc8067e953b
[2021/05/04 09:59:53.568] -   Gas usage: 1335393
[2021/05/04 09:59:53.568] -   Block Number: 15
[2021/05/04 09:59:53.569] -   Block Time: Tue May 04 2021 09:59:53 GMT-0700 (Pacific Daylight Time)
[2021/05/04 09:59:53.569] - 
[2021/05/04 09:59:53.570] - eth_getTransactionReceipt
[2021/05/04 09:59:53.574] - eth_getCode
[2021/05/04 09:59:53.591] - eth_getTransactionByHash
[2021/05/04 09:59:53.607] - eth_getBlockByNumber
[2021/05/04 09:59:53.622] - eth_getBalance
[2021/05/04 09:59:53.664] - eth_getBlockByNumber
[2021/05/04 09:59:53.670] - eth_getBlockByNumber
[2021/05/04 09:59:53.687] - net_version
[2021/05/04 09:59:53.702] - eth_sendTransaction
[2021/05/04 09:59:53.844] - eth_getBlockByNumber
[2021/05/04 09:59:53.868] - 
[2021/05/04 09:59:53.868] -   Transaction: 0x7ab1c1bafc2f7fec1aa72637cc27fe1aab030ba1ec0d2c2708749899861a009a
[2021/05/04 09:59:53.869] -   Gas usage: 27335
[2021/05/04 09:59:53.869] -   Block Number: 16
[2021/05/04 09:59:53.869] -   Block Time: Tue May 04 2021 09:59:53 GMT-0700 (Pacific Daylight Time)
[2021/05/04 09:59:53.870] - 
[2021/05/04 09:59:53.871] - eth_getTransactionReceipt
[2021/05/04 09:59:53.873] - eth_getBlockByNumber
[2021/05/04 09:59:53.879] - eth_getBlockByNumber
[2021/05/04 09:59:53.894] - eth_accounts
[2021/05/04 09:59:54.030] - eth_getBlockByNumber
[2021/05/04 09:59:54.049] - eth_getBlockByNumber
[2021/05/04 09:59:54.065] - eth_getBlockByNumber
[2021/05/04 09:59:54.066] - eth_getBlockByNumber
[2021/05/04 09:59:54.070] - eth_getBlockByNumber
[2021/05/04 09:59:54.071] - eth_estimateGas
[2021/05/04 09:59:54.445] - eth_getBlockByNumber
[2021/05/04 09:59:54.445] - eth_blockNumber
[2021/05/04 09:59:54.448] - net_version
[2021/05/04 09:59:54.459] - eth_sendTransaction
[2021/05/04 09:59:54.566] - eth_getBlockByNumber
[2021/05/04 09:59:54.585] - eth_getBlockByNumber
[2021/05/04 09:59:54.689] - 
[2021/05/04 09:59:54.689] -   Transaction: 0x1603fbb7233692274dae3f5a463361f543e39ac6f16b0ad18b786b1d29e14f24
[2021/05/04 09:59:54.689] -   Contract created: 0x673d37340ab56c859930fcc23efe0ab70427cef6
[2021/05/04 09:59:54.690] -   Gas usage: 1327583
[2021/05/04 09:59:54.690] -   Block Number: 17
[2021/05/04 09:59:54.690] -   Block Time: Tue May 04 2021 09:59:54 GMT-0700 (Pacific Daylight Time)
[2021/05/04 09:59:54.691] - 
[2021/05/04 09:59:54.693] - eth_getTransactionReceipt
[2021/05/04 09:59:54.698] - eth_getBlockByNumber
[2021/05/04 09:59:54.700] - eth_getCode
[2021/05/04 09:59:54.719] - eth_getTransactionByHash
[2021/05/04 09:59:54.731] - eth_getBlockByNumber
[2021/05/04 09:59:54.746] - eth_getBalance
[2021/05/04 09:59:54.763] - eth_getBlockByNumber
[2021/05/04 09:59:54.778] - eth_getBlockByNumber
[2021/05/04 09:59:54.794] - eth_getBlockByNumber
[2021/05/04 09:59:54.810] - eth_estimateGas
[2021/05/04 09:59:54.857] - eth_getBlockByNumber
[2021/05/04 09:59:54.870] - eth_getBalance
[2021/05/04 09:59:54.889] - eth_getBlockByNumber
[2021/05/04 09:59:54.892] - eth_getTransactionCount
[2021/05/04 09:59:54.913] - eth_getBalance
[2021/05/04 09:59:54.936] - eth_getTransactionCount
[2021/05/04 09:59:54.962] - eth_getBlockByNumber
[2021/05/04 09:59:54.963] - eth_blockNumber
[2021/05/04 09:59:54.963] - eth_getBlockByNumber
[2021/05/04 09:59:54.968] - eth_getBlockByNumber
[2021/05/04 09:59:55.003] - net_version
[2021/05/04 09:59:55.008] - eth_sendTransaction
[2021/05/04 09:59:55.016] - eth_getBalance
[2021/05/04 09:59:55.028] - eth_getBlockByNumber
[2021/05/04 09:59:55.034] - eth_getTransactionCount
[2021/05/04 09:59:55.054] - eth_getBalance
[2021/05/04 09:59:55.074] - eth_getTransactionCount
[2021/05/04 09:59:55.079] - eth_getBlockByNumber
[2021/05/04 09:59:55.095] - eth_getBalance
[2021/05/04 09:59:55.116] - 
[2021/05/04 09:59:55.117] -   Transaction: 0x2169624937055ae11153f5a498d54542d45a9cf06de952e8649a8a4133effb3d
[2021/05/04 09:59:55.117] -   Contract created: 0x9f18d596ee6db67e9430bd64ee7af76cc7c3a65a
[2021/05/04 09:59:55.117] -   Gas usage: 71933
[2021/05/04 09:59:55.118] -   Block Number: 18
[2021/05/04 09:59:55.118] -   Block Time: Tue May 04 2021 09:59:55 GMT-0700 (Pacific Daylight Time)
[2021/05/04 09:59:55.118] - 
[2021/05/04 09:59:55.119] - eth_getTransactionReceipt
[2021/05/04 09:59:55.120] - eth_getTransactionCount
[2021/05/04 09:59:55.142] - eth_getBalance
[2021/05/04 09:59:55.163] - eth_getTransactionCount
[2021/05/04 09:59:55.165] - eth_getBlockByNumber
[2021/05/04 09:59:55.175] - eth_getCode
[2021/05/04 09:59:55.183] - eth_getBalance
[2021/05/04 09:59:55.192] - eth_getTransactionByHash
[2021/05/04 09:59:55.204] - eth_getTransactionCount
[2021/05/04 09:59:55.206] - eth_getBlockByNumber
[2021/05/04 09:59:55.222] - eth_getBalance
[2021/05/04 09:59:55.223] - eth_getBalance
[2021/05/04 09:59:55.240] - eth_getBlockByNumber
[2021/05/04 09:59:55.244] - eth_getTransactionCount
[2021/05/04 09:59:55.245] - eth_getBlockByNumber
[2021/05/04 09:59:55.254] - eth_getBlockByNumber
[2021/05/04 09:59:55.266] - eth_getBalance
[2021/05/04 09:59:55.268] - eth_estimateGas
[2021/05/04 09:59:55.302] - eth_getTransactionCount
[2021/05/04 09:59:55.313] - eth_getBalance
[2021/05/04 09:59:55.335] - eth_getTransactionCount
[2021/05/04 09:59:55.383] - eth_getBalance
[2021/05/04 09:59:55.447] - eth_getTransactionCount
[2021/05/04 09:59:55.470] - eth_getBalance
[2021/05/04 09:59:55.495] - eth_getTransactionCount
[2021/05/04 09:59:55.513] - eth_getBalance
[2021/05/04 09:59:55.537] - eth_getTransactionCount
[2021/05/04 09:59:55.557] - eth_getBalance
[2021/05/04 09:59:55.577] - eth_getTransactionCount
[2021/05/04 09:59:55.596] - eth_getBlockByNumber
[2021/05/04 09:59:55.598] - eth_getBalance
[2021/05/04 09:59:55.615] - eth_getBlockByNumber
[2021/05/04 09:59:55.616] - eth_blockNumber
[2021/05/04 09:59:55.619] - eth_getTransactionCount
[2021/05/04 09:59:55.646] - eth_getBalance
[2021/05/04 09:59:55.667] - eth_getTransactionCount
[2021/05/04 09:59:55.690] - eth_getBalance
[2021/05/04 09:59:55.709] - eth_getTransactionCount
[2021/05/04 09:59:55.711] - eth_getBlockByNumber
[2021/05/04 09:59:55.711] - eth_getBlockByNumber
[2021/05/04 09:59:55.714] - net_version
[2021/05/04 09:59:55.730] - eth_getBalance
[2021/05/04 09:59:55.750] - eth_getTransactionCount
[2021/05/04 09:59:55.751] - eth_getBlockByNumber
[2021/05/04 09:59:55.754] - eth_sendTransaction
[2021/05/04 09:59:55.769] - eth_getBalance
[2021/05/04 09:59:55.790] - eth_getTransactionCount
[2021/05/04 09:59:55.811] - eth_getBalance
[2021/05/04 09:59:55.868] - eth_getBlockByNumber
[2021/05/04 09:59:55.897] - eth_getTransactionCount
[2021/05/04 09:59:55.900] - eth_getBlockByNumber
[2021/05/04 09:59:55.957] - 
[2021/05/04 09:59:55.957] -   Transaction: 0x318f015a132ed03b5e74e955922687092e8ed9e5007d670c1e82da3453b622ca
[2021/05/04 09:59:55.958] -   Contract created: 0x6e546658503305b7804a5b33b4f32bd9b052374f
[2021/05/04 09:59:55.958] -   Gas usage: 2358483
[2021/05/04 09:59:55.958] -   Block Number: 19
[2021/05/04 09:59:55.958] -   Block Time: Tue May 04 2021 09:59:55 GMT-0700 (Pacific Daylight Time)
[2021/05/04 09:59:55.959] - 
[2021/05/04 09:59:55.960] - eth_getTransactionReceipt
[2021/05/04 09:59:56.012] - eth_getBlockByNumber
[2021/05/04 09:59:56.014] - eth_getBlockByNumber
[2021/05/04 09:59:56.015] - eth_getCode
[2021/05/04 09:59:56.029] - eth_getTransactionByHash
[2021/05/04 09:59:56.045] - eth_getBlockByNumber
[2021/05/04 09:59:56.060] - eth_getBalance
[2021/05/04 09:59:56.077] - eth_getBlockByNumber
[2021/05/04 09:59:56.095] - eth_getBlockByNumber
[2021/05/04 09:59:56.096] - eth_getBlockByNumber
[2021/05/04 09:59:56.099] - eth_getBlockByNumber
[2021/05/04 09:59:56.101] - eth_getBlockByNumber
[2021/05/04 09:59:56.108] - eth_estimateGas
[2021/05/04 09:59:56.185] - eth_getBlockByNumber
[2021/05/04 09:59:56.346] - eth_getBlockByNumber
[2021/05/04 09:59:56.347] - eth_blockNumber
[2021/05/04 09:59:56.347] - eth_getBlockByNumber
[2021/05/04 09:59:56.349] - net_version
[2021/05/04 09:59:56.360] - eth_sendTransaction
[2021/05/04 09:59:56.510] - 
[2021/05/04 09:59:56.510] -   Transaction: 0x29bfc4f8184a3c44b930c690f588e897222c11c38ff2c2477e5ebb30abb2612c
[2021/05/04 09:59:56.510] -   Contract created: 0xf38dd63cb31b9ba3a4cb9b5baaffb1295a46e6a5
[2021/05/04 09:59:56.511] -   Gas usage: 71933
[2021/05/04 09:59:56.511] -   Block Number: 20
[2021/05/04 09:59:56.511] -   Block Time: Tue May 04 2021 09:59:56 GMT-0700 (Pacific Daylight Time)
[2021/05/04 09:59:56.512] - 
[2021/05/04 09:59:56.512] - eth_getTransactionReceipt
[2021/05/04 09:59:56.519] - eth_getCode
[2021/05/04 09:59:56.534] - eth_getTransactionByHash
[2021/05/04 09:59:56.550] - eth_getBlockByNumber
[2021/05/04 09:59:56.566] - eth_getBalance
[2021/05/04 09:59:56.593] - eth_getBlockByNumber
[2021/05/04 09:59:56.596] - eth_getBlockByNumber
[2021/05/04 09:59:56.598] - eth_getBlockByNumber
[2021/05/04 09:59:56.599] - eth_getBlockByNumber
[2021/05/04 09:59:56.615] - net_version
[2021/05/04 09:59:56.629] - eth_sendTransaction
[2021/05/04 09:59:56.723] - eth_getBlockByNumber
[2021/05/04 09:59:56.731] - 
[2021/05/04 09:59:56.731] -   Transaction: 0x3a2d57b0ec63d0a25600f77e029978d4e4b9ab09c3aee9fa9812c2e3d1f8d9bf
[2021/05/04 09:59:56.731] -   Gas usage: 27335
[2021/05/04 09:59:56.732] -   Block Number: 21
[2021/05/04 09:59:56.732] -   Block Time: Tue May 04 2021 09:59:56 GMT-0700 (Pacific Daylight Time)
[2021/05/04 09:59:56.732] - 
[2021/05/04 09:59:56.733] - eth_getTransactionReceipt
[2021/05/04 09:59:56.736] - eth_getBlockByNumber
[2021/05/04 09:59:56.759] - eth_getBlockByNumber
[2021/05/04 09:59:56.771] - eth_accounts
[2021/05/04 09:59:56.820] - eth_getBlockByNumber
[2021/05/04 09:59:56.835] - eth_getBlockByNumber
[2021/05/04 09:59:56.851] - eth_getBlockByNumber
[2021/05/04 09:59:56.868] - eth_estimateGas
[2021/05/04 09:59:56.869] - eth_getBlockByNumber
[2021/05/04 09:59:56.914] - eth_getBlockByNumber
[2021/05/04 09:59:57.025] - eth_getBlockByNumber
[2021/05/04 09:59:57.092] - eth_getBlockByNumber
[2021/05/04 09:59:57.092] - eth_blockNumber
[2021/05/04 09:59:57.093] - eth_getBlockByNumber
[2021/05/04 09:59:57.094] - eth_getBlockByNumber
[2021/05/04 09:59:57.094] - eth_getBlockByNumber
[2021/05/04 09:59:57.094] - eth_getBlockByNumber
[2021/05/04 09:59:57.095] - net_version
[2021/05/04 09:59:57.104] - eth_getBlockByNumber
[2021/05/04 09:59:57.122] - eth_sendTransaction
[2021/05/04 09:59:57.199] - eth_getBlockByNumber
[2021/05/04 09:59:57.261] - eth_getBlockByNumber
[2021/05/04 09:59:57.334] - 
[2021/05/04 09:59:57.335] -   Transaction: 0xb814219f6ab241df412c44e593ca0ce225f1ba4b5e5439fc58965886fb492b5b
[2021/05/04 09:59:57.335] -   Contract created: 0xddccece5ebed3cd5c477ff8d796d6f51a072cf0f
[2021/05/04 09:59:57.335] -   Gas usage: 3506977
[2021/05/04 09:59:57.335] -   Block Number: 22
[2021/05/04 09:59:57.336] -   Block Time: Tue May 04 2021 09:59:57 GMT-0700 (Pacific Daylight Time)
[2021/05/04 09:59:57.336] - 
[2021/05/04 09:59:57.338] - eth_getTransactionReceipt
[2021/05/04 09:59:57.340] - eth_getBlockByNumber
[2021/05/04 09:59:57.360] - eth_getCode
[2021/05/04 09:59:57.375] - eth_getTransactionByHash
[2021/05/04 09:59:57.390] - eth_getBlockByNumber
[2021/05/04 09:59:57.406] - eth_getBalance
[2021/05/04 09:59:57.449] - eth_getBlockByNumber
[2021/05/04 09:59:57.454] - eth_getBlockByNumber
[2021/05/04 09:59:57.469] - net_version
[2021/05/04 09:59:57.484] - eth_sendTransaction
[2021/05/04 09:59:57.532] - eth_getBlockByNumber
[2021/05/04 09:59:57.573] - 
[2021/05/04 09:59:57.573] -   Transaction: 0xb937cb739ddb7b2041f4ce7805420d9bbbb8338f283df0be560ab3d25ee5252b
[2021/05/04 09:59:57.574] -   Gas usage: 27335
[2021/05/04 09:59:57.574] -   Block Number: 23
[2021/05/04 09:59:57.574] -   Block Time: Tue May 04 2021 09:59:57 GMT-0700 (Pacific Daylight Time)
[2021/05/04 09:59:57.575] - 
[2021/05/04 09:59:57.575] - eth_getTransactionReceipt
[2021/05/04 09:59:57.578] - eth_getBlockByNumber
[2021/05/04 09:59:57.593] - eth_getBlockByNumber
[2021/05/04 09:59:57.595] - eth_accounts
[2021/05/04 09:59:57.666] - eth_getBlockByNumber
[2021/05/04 09:59:57.667] - net_version
[2021/05/04 09:59:57.669] - eth_getBlockByNumber
[2021/05/04 09:59:57.669] - eth_getBlockByNumber
[2021/05/04 09:59:57.677] - eth_getBlockByNumber
[2021/05/04 09:59:57.692] - net_version
[2021/05/04 09:59:57.707] - eth_getBlockByNumber
[2021/05/04 09:59:57.725] - eth_estimateGas
[2021/05/04 09:59:57.725] - eth_getBlockByNumber
[2021/05/04 09:59:57.737] - eth_getBlockByNumber
[2021/05/04 09:59:57.865] - net_version
[2021/05/04 09:59:57.866] - eth_blockNumber
[2021/05/04 09:59:57.867] - eth_getBlockByNumber
[2021/05/04 09:59:57.867] - eth_getBlockByNumber
[2021/05/04 09:59:57.868] - eth_getBlockByNumber
[2021/05/04 09:59:57.869] - eth_getBlockByNumber
[2021/05/04 09:59:57.899] - eth_getBlockByNumber
[2021/05/04 09:59:57.900] - net_version
[2021/05/04 09:59:57.913] - eth_sendTransaction
[2021/05/04 09:59:57.914] - eth_getBlockByNumber
[2021/05/04 09:59:58.038] - eth_getBlockByNumber
[2021/05/04 09:59:58.102] - eth_getBlockByNumber
[2021/05/04 09:59:58.169] - 
[2021/05/04 09:59:58.170] -   Transaction: 0xcb5f6a65e33405df35879972f886879fcb660b6ebcf196c97650f95330ff58c8
[2021/05/04 09:59:58.170] -   Contract created: 0xdd948101d4c33cbcff0a52f7f84ac3232ac78cf5
[2021/05/04 09:59:58.170] -   Gas usage: 6721975
[2021/05/04 09:59:58.171] -   Block Number: 24
[2021/05/04 09:59:58.171] -   Block Time: Tue May 04 2021 09:59:57 GMT-0700 (Pacific Daylight Time)
[2021/05/04 09:59:58.171] -   Runtime Error: out of gas
[2021/05/04 09:59:58.172] - 
[2021/05/04 09:59:58.177] - eth_call
[2021/05/04 09:59:58.178] - eth_getBlockByNumber
[2021/05/04 09:59:58.189] - eth_getBlockByNumber
[2021/05/04 09:59:58.189] - eth_getBlockByNumber
[2021/05/04 09:59:58.213] - eth_getBlockByNumber
[2021/05/04 09:59:58.422] - eth_getBalance
[2021/05/04 09:59:58.446] - eth_getTransactionCount
[2021/05/04 09:59:58.467] - eth_getBalance
[2021/05/04 09:59:58.489] - eth_getTransactionCount
[2021/05/04 09:59:58.513] - eth_getBalance
[2021/05/04 09:59:58.538] - eth_getTransactionCount
[2021/05/04 09:59:58.559] - eth_getBalance
[2021/05/04 09:59:58.584] - eth_getTransactionCount
[2021/05/04 09:59:58.607] - eth_getBalance
[2021/05/04 09:59:58.629] - eth_getTransactionCount
[2021/05/04 09:59:58.699] - eth_getBalance
[2021/05/04 09:59:58.720] - eth_getTransactionCount
[2021/05/04 09:59:58.742] - eth_getBalance
[2021/05/04 09:59:58.762] - eth_getTransactionCount
[2021/05/04 09:59:58.782] - eth_getBalance
[2021/05/04 09:59:58.802] - eth_getTransactionCount
[2021/05/04 09:59:58.824] - eth_getBalance
[2021/05/04 09:59:58.846] - eth_getTransactionCount
[2021/05/04 09:59:58.867] - eth_getBalance
[2021/05/04 09:59:58.889] - eth_getTransactionCount
[2021/05/04 09:59:58.912] - eth_getBalance
[2021/05/04 09:59:58.934] - eth_getTransactionCount
[2021/05/04 09:59:58.956] - eth_getBalance
[2021/05/04 09:59:58.977] - eth_getTransactionCount
[2021/05/04 09:59:59.001] - eth_getBalance
[2021/05/04 09:59:59.022] - eth_getTransactionCount
[2021/05/04 09:59:59.042] - eth_getBalance
[2021/05/04 09:59:59.062] - eth_getTransactionCount
[2021/05/04 09:59:59.082] - eth_getBalance
[2021/05/04 09:59:59.155] - eth_getTransactionCount
[2021/05/04 09:59:59.176] - eth_getBalance
[2021/05/04 09:59:59.196] - eth_getTransactionCount
[2021/05/04 09:59:59.216] - eth_getBalance
[2021/05/04 09:59:59.237] - eth_getTransactionCount
[2021/05/04 09:59:59.261] - eth_getBalance
[2021/05/04 09:59:59.289] - eth_getTransactionCount
[2021/05/04 09:59:59.309] - eth_getBalance
[2021/05/04 09:59:59.330] - eth_getTransactionCount
[2021/05/04 09:59:59.356] - eth_getBalance
[2021/05/04 09:59:59.377] - eth_getTransactionCount
[2021/05/04 10:00:00.293] - eth_getBlockByNumber
[2021/05/04 10:00:03.850] - eth_getBlockByNumber
[2021/05/04 10:00:03.851] - eth_getBlockByNumber
[2021/05/04 10:00:07.686] - eth_getBalance
[2021/05/04 10:00:07.708] - eth_getTransactionCount
[2021/05/04 10:00:07.731] - eth_getBalance
[2021/05/04 10:00:07.753] - eth_getTransactionCount
[2021/05/04 10:00:07.774] - eth_getBalance
[2021/05/04 10:00:07.794] - eth_getTransactionCount
[2021/05/04 10:00:07.817] - eth_getBalance
[2021/05/04 10:00:07.840] - eth_getTransactionCount
[2021/05/04 10:00:07.867] - eth_getBalance
[2021/05/04 10:00:07.893] - eth_getTransactionCount
[2021/05/04 10:00:07.921] - eth_getBalance
[2021/05/04 10:00:07.946] - eth_getTransactionCount
[2021/05/04 10:00:07.972] - eth_getBalance
[2021/05/04 10:00:07.993] - eth_getTransactionCount
[2021/05/04 10:00:08.020] - eth_getBalance
[2021/05/04 10:00:08.093] - eth_getTransactionCount
[2021/05/04 10:00:08.115] - eth_getBalance
[2021/05/04 10:00:08.136] - eth_getTransactionCount
[2021/05/04 10:00:08.157] - eth_getBalance
[2021/05/04 10:00:08.179] - eth_getTransactionCount
[2021/05/04 10:00:08.202] - eth_getBalance
[2021/05/04 10:00:08.226] - eth_getTransactionCount
[2021/05/04 10:00:08.252] - eth_getBalance
[2021/05/04 10:00:08.274] - eth_getTransactionCount
[2021/05/04 10:00:08.297] - eth_getBalance
[2021/05/04 10:00:08.319] - eth_getTransactionCount
[2021/05/04 10:00:08.342] - eth_getBalance
[2021/05/04 10:00:08.364] - eth_getTransactionCount
[2021/05/04 10:00:08.389] - eth_getBalance
[2021/05/04 10:00:08.410] - eth_getTransactionCount
[2021/05/04 10:00:08.433] - eth_getBalance
[2021/05/04 10:00:08.455] - eth_getTransactionCount
[2021/05/04 10:00:08.533] - eth_getBalance
[2021/05/04 10:00:08.556] - eth_getTransactionCount
[2021/05/04 10:00:08.578] - eth_getBalance
[2021/05/04 10:00:08.600] - eth_getTransactionCount
[2021/05/04 10:00:08.621] - eth_getBalance
[2021/05/04 10:00:08.645] - eth_getTransactionCount
[2021/05/04 10:00:08.667] - eth_getBalance
[2021/05/04 10:00:08.691] - eth_getTransactionCount
[2021/05/04 10:00:08.713] - eth_getBalance
[2021/05/04 10:00:08.734] - eth_getTransactionCount
[2021/05/04 10:00:08.757] - eth_getBalance
[2021/05/04 10:00:08.782] - eth_getTransactionCount
[2021/05/04 10:00:08.804] - eth_getBalance
[2021/05/04 10:00:08.825] - eth_getTransactionCount
[2021/05/04 10:00:08.847] - eth_getBalance
[2021/05/04 10:00:08.869] - eth_getTransactionCount
[2021/05/04 10:00:08.891] - eth_getBalance
[2021/05/04 10:00:08.916] - eth_getTransactionCount
[2021/05/04 10:00:08.985] - eth_getBalance
[2021/05/04 10:00:09.008] - eth_getTransactionCount
[2021/05/04 10:00:09.030] - eth_getBalance
[2021/05/04 10:00:09.056] - eth_getTransactionCount
[2021/05/04 10:00:09.079] - eth_getBalance
[2021/05/04 10:00:09.108] - eth_getTransactionCount
[2021/05/04 10:00:09.132] - eth_getBalance
[2021/05/04 10:00:09.159] - eth_getTransactionCount
[2021/05/04 10:00:09.181] - eth_getBalance
[2021/05/04 10:00:09.205] - eth_getTransactionCount
[2021/05/04 10:00:11.071] - eth_getBlockByNumber
[2021/05/04 10:00:11.072] - eth_getBlockByNumber
[2021/05/04 10:00:11.116] - eth_getBlockByNumber
[2021/05/04 10:00:11.116] - eth_getBlockByNumber
[2021/05/04 10:00:27.740] - eth_getBalance
[2021/05/04 10:00:27.770] - eth_getTransactionCount
[2021/05/04 10:00:27.797] - eth_getBalance
[2021/05/04 10:00:27.826] - eth_getTransactionCount
[2021/05/04 10:00:27.856] - eth_getBalance
[2021/05/04 10:00:27.883] - eth_getTransactionCount
[2021/05/04 10:00:27.913] - eth_getBalance
[2021/05/04 10:00:27.942] - eth_getTransactionCount
[2021/05/04 10:00:27.969] - eth_getBalance
[2021/05/04 10:00:27.998] - eth_getTransactionCount
[2021/05/04 10:00:28.072] - eth_getBalance
[2021/05/04 10:00:28.103] - eth_getTransactionCount
[2021/05/04 10:00:28.130] - eth_getBalance
[2021/05/04 10:00:28.158] - eth_getTransactionCount
[2021/05/04 10:00:28.187] - eth_getBalance
[2021/05/04 10:00:28.213] - eth_getTransactionCount
[2021/05/04 10:00:28.243] - eth_getBalance
[2021/05/04 10:00:28.269] - eth_getTransactionCount
[2021/05/04 10:00:28.299] - eth_getBalance
[2021/05/04 10:00:28.329] - eth_getTransactionCount
[2021/05/04 10:00:28.405] - eth_getBalance
[2021/05/04 10:00:28.435] - eth_getTransactionCount
[2021/05/04 10:00:28.463] - eth_getBalance
[2021/05/04 10:00:28.492] - eth_getTransactionCount
[2021/05/04 10:00:28.519] - eth_getBalance
[2021/05/04 10:00:28.548] - eth_getTransactionCount
[2021/05/04 10:00:28.577] - eth_getBalance
[2021/05/04 10:00:28.603] - eth_getTransactionCount
[2021/05/04 10:00:28.632] - eth_getBalance
[2021/05/04 10:00:28.660] - eth_getTransactionCount
[2021/05/04 10:00:28.687] - eth_getBalance
[2021/05/04 10:00:28.763] - eth_getTransactionCount
[2021/05/04 10:00:28.794] - eth_getBalance
[2021/05/04 10:00:28.825] - eth_getTransactionCount
[2021/05/04 10:00:28.855] - eth_getBalance
[2021/05/04 10:00:28.885] - eth_getTransactionCount
[2021/05/04 10:00:28.915] - eth_getBalance
[2021/05/04 10:00:28.943] - eth_getTransactionCount
[2021/05/04 10:00:28.974] - eth_getBalance
[2021/05/04 10:00:29.004] - eth_getTransactionCount
[2021/05/04 10:00:36.547] - eth_getBalance
[2021/05/04 10:00:36.576] - eth_getTransactionCount
[2021/05/04 10:00:36.604] - eth_getBalance
[2021/05/04 10:00:36.631] - eth_getTransactionCount
[2021/05/04 10:00:36.669] - eth_getBalance
[2021/05/04 10:00:36.734] - eth_getTransactionCount
[2021/05/04 10:00:36.763] - eth_getBalance
[2021/05/04 10:00:36.789] - eth_getTransactionCount
[2021/05/04 10:00:36.818] - eth_getBalance
[2021/05/04 10:00:36.847] - eth_getTransactionCount
[2021/05/04 10:00:36.874] - eth_getTransactionCount
[2021/05/04 10:00:36.903] - eth_getBalance
[2021/05/04 10:00:36.932] - eth_getTransactionCount
[2021/05/04 10:00:36.959] - eth_getBalance
[2021/05/04 10:00:36.988] - eth_getTransactionCount
[2021/05/04 10:00:37.066] - eth_getBalance
[2021/05/04 10:00:37.095] - eth_getTransactionCount
[2021/05/04 10:00:37.122] - eth_getBalance
[2021/05/04 10:00:37.152] - eth_getTransactionCount
[2021/05/04 10:00:37.180] - eth_getBalance
[2021/05/04 10:00:37.207] - eth_getTransactionCount
[2021/05/04 10:00:37.236] - eth_getBalance
[2021/05/04 10:00:37.266] - eth_getTransactionCount
[2021/05/04 10:00:37.293] - eth_getBalance
[2021/05/04 10:00:37.322] - eth_getTransactionCount
[2021/05/04 10:00:37.398] - eth_getBalance
[2021/05/04 10:00:37.428] - eth_getTransactionCount
[2021/05/04 10:00:37.455] - eth_getBalance
[2021/05/04 10:00:37.484] - eth_getTransactionCount
[2021/05/04 10:00:37.512] - eth_getTransactionCount
[2021/05/04 10:00:37.539] - eth_getBalance
[2021/05/04 10:00:37.568] - eth_getTransactionCount
[2021/05/04 10:00:37.596] - eth_getBalance
[2021/05/04 10:00:37.627] - eth_getTransactionCount
[2021/05/04 10:00:37.658] - eth_getBalance
[2021/05/04 10:00:37.732] - eth_getTransactionCount
[2021/05/04 10:00:37.762] - eth_getBalance
[2021/05/04 10:00:37.788] - eth_getTransactionCount
[2021/05/04 10:00:37.816] - eth_getBalance
[2021/05/04 10:00:37.843] - eth_getTransactionCount
[2021/05/04 10:00:37.871] - eth_getBalance
[2021/05/04 10:00:37.900] - eth_getTransactionCount
[2021/05/04 10:00:37.927] - eth_getBalance
[2021/05/04 10:00:37.955] - eth_getTransactionCount
[2021/05/04 10:00:37.983] - eth_getBalance
[2021/05/04 10:00:38.058] - eth_getTransactionCount
[2021/05/04 10:00:38.087] - eth_getBalance
[2021/05/04 10:00:38.118] - eth_getTransactionCount
[2021/05/04 10:00:38.146] - eth_getTransactionCount
[2021/05/04 10:00:38.174] - eth_getBalance
[2021/05/04 10:00:38.204] - eth_getTransactionCount
[2021/05/04 10:00:38.233] - eth_getBalance
[2021/05/04 10:00:38.262] - eth_getTransactionCount
[2021/05/04 10:00:38.292] - eth_getBalance
[2021/05/04 10:00:38.320] - eth_getTransactionCount
[2021/05/04 10:00:38.398] - eth_getBalance
[2021/05/04 10:00:38.429] - eth_getTransactionCount
[2021/05/04 10:00:38.495] - eth_unsubscribe
[2021/05/04 10:00:38.496] - eth_unsubscribe
